#
# There is insufficient memory for the Java Runtime Environment to continue.
# Native memory allocation (mmap) failed to map 130023424 bytes for G1 virtual space
# Possible reasons:
#   The system is out of physical RAM or swap space
#   The process is running with CompressedOops enabled, and the Java Heap may be blocking the growth of the native heap
# Possible solutions:
#   Reduce memory load on the system
#   Increase physical memory or swap space
#   Check if swap backing store is full
#   Decrease Java heap size (-Xmx/-Xms)
#   Decrease number of Java threads
#   Decrease Java thread stack sizes (-Xss)
#   Set larger code cache with -XX:ReservedCodeCacheSize=
#   JVM is running with Unscaled Compressed Oops mode in which the Java heap is
#     placed in the first 4GB address space. The Java Heap base address is the
#     maximum limit for the native heap growth. Please use -XX:HeapBaseMinAddress
#     to set the Java Heap base and to place the Java Heap above 4GB virtual address.
# This output file may be truncated or incomplete.
#
#  Out of Memory Error (os_windows.cpp:3532), pid=2956, tid=15784
#
# JRE version:  (17.0.2+8) (build )
# Java VM: OpenJDK 64-Bit Server VM (17.0.2+8-86, mixed mode, sharing, tiered, compressed oops, compressed class ptrs, g1 gc, windows-amd64)
# No core dump will be written. Minidumps are not enabled by default on client versions of Windows
#

---------------  S U M M A R Y ------------

Command Line: -ea -Didea.test.cyclic.buffer.size=1048576 -javaagent:C:\Program Files\JetBrains\IntelliJ IDEA 2021.2\lib\idea_rt.jar=61772:C:\Program Files\JetBrains\IntelliJ IDEA 2021.2\bin -Dfile.encoding=UTF-8 com.intellij.rt.junit.JUnitStarter -ideVersion5 -junit5 com.example.springboot_webshop.controllers.CustomerControllerTest,showAllCustomersTest

Host: 11th Gen Intel(R) Core(TM) i5-1135G7 @ 2.40GHz, 8 cores, 7G,  Windows 11 , 64 bit Build 22000 (10.0.22000.613)
Time: Mon Apr 25 09:47:17 2022 Västeuropa, sommartid elapsed time: 0.025559 seconds (0d 0h 0m 0s)

---------------  T H R E A D  ---------------

Current thread (0x000002daea43dc00):  JavaThread "Unknown thread" [_thread_in_vm, id=15784, stack(0x000000f93aa00000,0x000000f93ab00000)]

Stack: [0x000000f93aa00000,0x000000f93ab00000]
Native frames: (J=compiled Java code, j=interpreted, Vv=VM code, C=native code)
V  [jvm.dll+0x670baa]
V  [jvm.dll+0x7cfcb4]
V  [jvm.dll+0x7d145e]
V  [jvm.dll+0x7d1ac3]
V  [jvm.dll+0x242bc5]
V  [jvm.dll+0x66dac9]
V  [jvm.dll+0x662412]
V  [jvm.dll+0x300c0b]
V  [jvm.dll+0x3081a6]
V  [jvm.dll+0x357d0e]
V  [jvm.dll+0x357f3f]
V  [jvm.dll+0x2d7ec8]
V  [jvm.dll+0x2d8e34]
V  [jvm.dll+0x7a18c1]
V  [jvm.dll+0x365a91]
V  [jvm.dll+0x780d2c]
V  [jvm.dll+0x3e845f]
V  [jvm.dll+0x3e9f01]
C  [jli.dll+0x527b]
C  [ucrtbase.dll+0x26c0c]
C  [KERNEL32.DLL+0x154e0]
C  [ntdll.dll+0x485b]


---------------  P R O C E S S  ---------------

Threads class SMR info:
_java_thread_list=0x00007ffcad239858, length=0, elements={
}

Java Threads: ( => current thread )

Other Threads:
  0x000002daea47b670 GCTaskThread "GC Thread#0" [stack: 0x000000f93ab00000,0x000000f93ac00000] [id=9160]
  0x000002daea48cc00 ConcurrentGCThread "G1 Main Marker" [stack: 0x000000f93ac00000,0x000000f93ad00000] [id=9320]
  0x000002daea48d610 ConcurrentGCThread "G1 Conc#0" [stack: 0x000000f93ad00000,0x000000f93ae00000] [id=16320]

[error occurred during error reporting (printing all threads), id 0xc0000005, EXCEPTION_ACCESS_VIOLATION (0xc0000005) at pc=0x00007ffcaca888a7]

VM state: not at safepoint (not fully initialized)

VM Mutex/Monitor currently owned by a thread:  ([mutex/lock_event])
[0x000002daea439f60] Heap_lock - owner thread: 0x000002daea43dc00

Heap address: 0x0000000084e00000, size: 1970 MB, Compressed Oops mode: 32-bit

CDS archive(s) mapped at: [0x0000000000000000-0x0000000000000000-0x0000000000000000), size 0, SharedBaseAddress: 0x0000000800000000, ArchiveRelocationMode: 0.
Narrow klass base: 0x0000000000000000, Narrow klass shift: 0, Narrow klass range: 0x0

GC Precious Log:
<Empty>

Heap:
 garbage-first heap   total 0K, used 0K [0x0000000084e00000, 0x0000000100000000)
  region size 1024K, 0 young (0K), 0 survivors (0K)

[error occurred during error reporting (printing heap information), id 0xc0000005, EXCEPTION_ACCESS_VIOLATION (0xc0000005) at pc=0x00007ffcace69f19]

GC Heap History (0 events):
No events

Deoptimization events (0 events):
No events

Classes unloaded (0 events):
No events

Classes redefined (0 events):
No events

Internal exceptions (0 events):
No events

VM Operations (0 events):
No events

Events (1 events):
Event: 0.018 Loaded shared library C:\Users\Sonya\.jdks\openjdk-17.0.2\bin\java.dll


Dynamic libraries:
0x00007ff7c37c0000 - 0x00007ff7c37ce000 	C:\Users\Sonya\.jdks\openjdk-17.0.2\bin\java.exe
0x00007ffcf5400000 - 0x00007ffcf5609000 	C:\WINDOWS\SYSTEM32\ntdll.dll
0x00007ffcf33c0000 - 0x00007ffcf347d000 	C:\WINDOWS\System32\KERNEL32.DLL
0x00007ffcf2c90000 - 0x00007ffcf3004000 	C:\WINDOWS\System32\KERNELBASE.dll
0x00007ffcf2a40000 - 0x00007ffcf2b51000 	C:\WINDOWS\System32\ucrtbase.dll
0x00007ffcdb740000 - 0x00007ffcdb75a000 	C:\Users\Sonya\.jdks\openjdk-17.0.2\bin\VCRUNTIME140.dll
0x00007ffcdb760000 - 0x00007ffcdb778000 	C:\Users\Sonya\.jdks\openjdk-17.0.2\bin\jli.dll
0x00007ffcf4890000 - 0x00007ffcf4a3c000 	C:\WINDOWS\System32\USER32.dll
0x00007ffcf2a10000 - 0x00007ffcf2a36000 	C:\WINDOWS\System32\win32u.dll
0x00007ffcf46d0000 - 0x00007ffcf46f9000 	C:\WINDOWS\System32\GDI32.dll
0x00007ffcf3180000 - 0x00007ffcf3292000 	C:\WINDOWS\System32\gdi32full.dll
0x00007ffcf28f0000 - 0x00007ffcf298d000 	C:\WINDOWS\System32\msvcp_win.dll
0x00007ffcd63a0000 - 0x00007ffcd6645000 	C:\WINDOWS\WinSxS\amd64_microsoft.windows.common-controls_6595b64144ccf1df_6.0.22000.120_none_9d947278b86cc467\COMCTL32.dll
0x00007ffcf5220000 - 0x00007ffcf52c3000 	C:\WINDOWS\System32\msvcrt.dll
0x00007ffcf52d0000 - 0x00007ffcf5301000 	C:\WINDOWS\System32\IMM32.DLL
0x00007ffcebe50000 - 0x00007ffcebe5c000 	C:\Users\Sonya\.jdks\openjdk-17.0.2\bin\vcruntime140_1.dll
0x00007ffcdb6b0000 - 0x00007ffcdb73d000 	C:\Users\Sonya\.jdks\openjdk-17.0.2\bin\msvcp140.dll
0x00007ffcac7a0000 - 0x00007ffcad361000 	C:\Users\Sonya\.jdks\openjdk-17.0.2\bin\server\jvm.dll
0x00007ffcf3560000 - 0x00007ffcf360e000 	C:\WINDOWS\System32\ADVAPI32.dll
0x00007ffcf4a70000 - 0x00007ffcf4b0e000 	C:\WINDOWS\System32\sechost.dll
0x00007ffcf32a0000 - 0x00007ffcf33c0000 	C:\WINDOWS\System32\RPCRT4.dll
0x00007ffcf4a60000 - 0x00007ffcf4a68000 	C:\WINDOWS\System32\PSAPI.DLL
0x00007ffcd2b00000 - 0x00007ffcd2b09000 	C:\WINDOWS\SYSTEM32\WSOCK32.dll
0x00007ffcf3480000 - 0x00007ffcf34ef000 	C:\WINDOWS\System32\WS2_32.dll
0x00007ffceaba0000 - 0x00007ffceabaa000 	C:\WINDOWS\SYSTEM32\VERSION.dll
0x00007ffceadb0000 - 0x00007ffceade3000 	C:\WINDOWS\SYSTEM32\WINMM.dll
0x00007ffcf19b0000 - 0x00007ffcf19c8000 	C:\WINDOWS\SYSTEM32\kernel.appcore.dll
0x00007ffcebe30000 - 0x00007ffcebe3a000 	C:\Users\Sonya\.jdks\openjdk-17.0.2\bin\jimage.dll
0x00007ffcefe60000 - 0x00007ffcf0081000 	C:\WINDOWS\SYSTEM32\DBGHELP.DLL
0x00007ffce2a00000 - 0x00007ffce2a31000 	C:\WINDOWS\SYSTEM32\dbgcore.DLL
0x00007ffcf2990000 - 0x00007ffcf2a0f000 	C:\WINDOWS\System32\bcryptPrimitives.dll
0x00007ffcdbfb0000 - 0x00007ffcdbfbe000 	C:\Users\Sonya\.jdks\openjdk-17.0.2\bin\instrument.dll
0x00007ffcdb680000 - 0x00007ffcdb6a5000 	C:\Users\Sonya\.jdks\openjdk-17.0.2\bin\java.dll

dbghelp: loaded successfully - version: 4.0.5 - missing functions: none
symbol engine: initialized successfully - sym options: 0x614 - pdb path: .;C:\Users\Sonya\.jdks\openjdk-17.0.2\bin;C:\WINDOWS\SYSTEM32;C:\WINDOWS\WinSxS\amd64_microsoft.windows.common-controls_6595b64144ccf1df_6.0.22000.120_none_9d947278b86cc467;C:\Users\Sonya\.jdks\openjdk-17.0.2\bin\server

VM Arguments:
jvm_args: -ea -Didea.test.cyclic.buffer.size=1048576 -javaagent:C:\Program Files\JetBrains\IntelliJ IDEA 2021.2\lib\idea_rt.jar=61772:C:\Program Files\JetBrains\IntelliJ IDEA 2021.2\bin -Dfile.encoding=UTF-8 
java_command: com.intellij.rt.junit.JUnitStarter -ideVersion5 -junit5 com.example.springboot_webshop.controllers.CustomerControllerTest,showAllCustomersTest
java_class_path (initial): C:\Users\Sonya\.m2\repository\org\junit\platform\junit-platform-launcher\1.8.2\junit-platform-launcher-1.8.2.jar;C:\Users\Sonya\.m2\repository\org\junit\vintage\junit-vintage-engine\5.8.2\junit-vintage-engine-5.8.2.jar;C:\Program Files\JetBrains\IntelliJ IDEA 2021.2\lib\idea_rt.jar;C:\Program Files\JetBrains\IntelliJ IDEA 2021.2\plugins\junit\lib\junit5-rt.jar;C:\Program Files\JetBrains\IntelliJ IDEA 2021.2\plugins\junit\lib\junit-rt.jar;C:\Users\Sonya\IdeaProjects\SpringBoot_Webshop\target\test-classes;C:\Users\Sonya\IdeaProjects\SpringBoot_Webshop\target\classes;C:\Users\Sonya\.m2\repository\org\springframework\boot\spring-boot-starter-web\2.6.6\spring-boot-starter-web-2.6.6.jar;C:\Users\Sonya\.m2\repository\org\springframework\boot\spring-boot-starter\2.6.6\spring-boot-starter-2.6.6.jar;C:\Users\Sonya\.m2\repository\org\springframework\boot\spring-boot-starter-logging\2.6.6\spring-boot-starter-logging-2.6.6.jar;C:\Users\Sonya\.m2\repository\ch\qos\logback\logback-classic\1.2.11\logback-classic-1.2.11.jar;C:\Users\Sonya\.m2\repository\ch\qos\logback\logback-core\1.2.11\logback-core-1.2.11.jar;C:\Users\Sonya\.m2\repository\org\apache\logging\log4j\log4j-to-slf4j\2.17.2\log4j-to-slf4j-2.17.2.jar;C:\Users\Sonya\.m2\repository\org\apache\logging\log4j\log4j-api\2.17.2\log4j-api-2.17.2.jar;C:\Users\Sonya\.m2\repository\org\slf4j\jul-to-slf4j\1.7.36\jul-to-slf4j-1.7.36.jar;C:\Users\Sonya\.m2\repository\jakarta\annotation\jakarta.annotation-api\1.3.5\jakarta.annotation-api-1.3.5.jar;C:\Users\Sonya\.m2\repository\org\yaml\snakeyaml\1.29\snakeyaml-1.29.jar;C:\Users\Sonya\.m2\repository\org\springframework\boot\spring-boot-starter-json\2.6.6\spring-boot-starter-json-2.6.6.jar;C:\Users\Sonya\.m2\repository\com\fasterxml\jackson\core\jackson-databind\2.13.2.2\jackson-databind-2.13.2.2.jar;C:\Users\Sonya\.m2\repository\com\fasterxml\jackson\core\jackson-annotations\2.13.2\jackson-annotations-2.13.2.jar;C:\Users\Sonya\.m2\repository\com\fasterxml\ja
Launcher Type: SUN_STANDARD

[Global flags]
     intx CICompilerCount                          = 4                                         {product} {ergonomic}
     uint ConcGCThreads                            = 2                                         {product} {ergonomic}
     uint G1ConcRefinementThreads                  = 8                                         {product} {ergonomic}
   size_t G1HeapRegionSize                         = 1048576                                   {product} {ergonomic}
    uintx GCDrainStackTargetSize                   = 64                                        {product} {ergonomic}
   size_t InitialHeapSize                          = 130023424                                 {product} {ergonomic}
   size_t MarkStackSize                            = 4194304                                   {product} {ergonomic}
   size_t MaxHeapSize                              = 2065694720                                {product} {ergonomic}
   size_t MinHeapDeltaBytes                        = 1048576                                   {product} {ergonomic}
   size_t MinHeapSize                              = 8388608                                   {product} {ergonomic}
    uintx NonNMethodCodeHeapSize                   = 5839372                                {pd product} {ergonomic}
    uintx NonProfiledCodeHeapSize                  = 122909434                              {pd product} {ergonomic}
    uintx ProfiledCodeHeapSize                     = 122909434                              {pd product} {ergonomic}
    uintx ReservedCodeCacheSize                    = 251658240                              {pd product} {ergonomic}
     bool SegmentedCodeCache                       = true                                      {product} {ergonomic}
   size_t SoftMaxHeapSize                          = 2065694720                             {manageable} {ergonomic}
     bool UseCompressedClassPointers               = true                           {product lp64_product} {ergonomic}
     bool UseCompressedOops                        = true                           {product lp64_product} {ergonomic}
     bool UseG1GC                                  = true                                      {product} {ergonomic}
     bool UseLargePagesIndividualAllocation        = false                                  {pd product} {ergonomic}

Logging:
Log output configuration:
 #0: stdout all=warning uptime,level,tags
 #1: stderr all=off uptime,level,tags

Environment Variables:
PATH=C:\Program Files\Common Files\Oracle\Java\javapath;C:\WINDOWS\system32;C:\WINDOWS;C:\WINDOWS\System32\Wbem;C:\WINDOWS\System32\WindowsPowerShell\v1.0\;C:\WINDOWS\System32\OpenSSH\;C:\Program Files\Git\cmd;C:\Program Files\MySQL\MySQL Shell 8.0\bin\;C:\Users\Sonya\AppData\Local\Microsoft\WindowsApps;;C:\Users\Sonya\AppData\Local\Programs\Microsoft VS Code\bin
USERNAME=Sonya
OS=Windows_NT
PROCESSOR_IDENTIFIER=Intel64 Family 6 Model 140 Stepping 1, GenuineIntel



---------------  S Y S T E M  ---------------

OS:
 Windows 11 , 64 bit Build 22000 (10.0.22000.613)
OS uptime: 2 days 16:46 hours
Hyper-V role detected

CPU: total 8 (initial active 8) (4 cores per cpu, 2 threads per core) family 6 model 140 stepping 1 microcode 0x9a, cx8, cmov, fxsr, ht, mmx, 3dnowpref, sse, sse2, sse3, ssse3, sse4.1, sse4.2, popcnt, lzcnt, tsc, tscinvbit, avx, avx2, aes, erms, clmul, bmi1, bmi2, adx, avx512f, avx512dq, avx512cd, avx512bw, avx512vl, sha, fma, vzeroupper, avx512_vpopcntdq, avx512_vpclmulqdq, avx512_vaes, avx512_vnni, clflush, clflushopt, clwb, avx512_vbmi2, avx512_vbmi, hv

Memory: 4k page, system-wide physical 7872M (875M free)
TotalPageFile size 32448M (AvailPageFile size 90M)
current process WorkingSet (physical memory assigned to process): 10M, peak: 10M
current process commit charge ("private bytes"): 60M, peak: 184M

vm_info: OpenJDK 64-Bit Server VM (17.0.2+8-86) for windows-amd64 JRE (17.0.2+8-86), built on Dec  7 2021 21:49:10 by "mach5one" with MS VC++ 16.8 / 16.9 (VS2019)

END.
