#
# There is insufficient memory for the Java Runtime Environment to continue.
# Native memory allocation (mmap) failed to map 65536 bytes for Failed to commit metaspace.
# Possible reasons:
#   The system is out of physical RAM or swap space
#   The process is running with CompressedOops enabled, and the Java Heap may be blocking the growth of the native heap
# Possible solutions:
#   Reduce memory load on the system
#   Increase physical memory or swap space
#   Check if swap backing store is full
#   Decrease Java heap size (-Xmx/-Xms)
#   Decrease number of Java threads
#   Decrease Java thread stack sizes (-Xss)
#   Set larger code cache with -XX:ReservedCodeCacheSize=
#   JVM is running with Unscaled Compressed Oops mode in which the Java heap is
#     placed in the first 4GB address space. The Java Heap base address is the
#     maximum limit for the native heap growth. Please use -XX:HeapBaseMinAddress
#     to set the Java Heap base and to place the Java Heap above 4GB virtual address.
# This output file may be truncated or incomplete.
#
#  Out of Memory Error (virtualSpaceNode.cpp:110), pid=14792, tid=11344
#
# JRE version: OpenJDK Runtime Environment (17.0.2+8) (build 17.0.2+8-86)
# Java VM: OpenJDK 64-Bit Server VM (17.0.2+8-86, mixed mode, sharing, tiered, compressed oops, compressed class ptrs, g1 gc, windows-amd64)
# No core dump will be written. Minidumps are not enabled by default on client versions of Windows
#

---------------  S U M M A R Y ------------

Command Line: -ea -Didea.test.cyclic.buffer.size=1048576 -javaagent:C:\Program Files\JetBrains\IntelliJ IDEA 2021.2\lib\idea_rt.jar=61769:C:\Program Files\JetBrains\IntelliJ IDEA 2021.2\bin -Dfile.encoding=UTF-8 com.intellij.rt.junit.JUnitStarter -ideVersion5 -junit5 com.example.springboot_webshop.controllers.CustomerControllerTest,showAllCustomersTest

Host: 11th Gen Intel(R) Core(TM) i5-1135G7 @ 2.40GHz, 8 cores, 7G,  Windows 11 , 64 bit Build 22000 (10.0.22000.613)
Time: Mon Apr 25 09:47:05 2022 Västeuropa, sommartid elapsed time: 5.119634 seconds (0d 0h 0m 5s)

---------------  T H R E A D  ---------------

Current thread (0x000001d9c100b7f0):  JavaThread "main" [_thread_in_vm, id=11344, stack(0x000000d5b5900000,0x000000d5b5a00000)]

Stack: [0x000000d5b5900000,0x000000d5b5a00000]
Native frames: (J=compiled Java code, j=interpreted, Vv=VM code, C=native code)
V  [jvm.dll+0x670baa]
V  [jvm.dll+0x7cfcb4]
V  [jvm.dll+0x7d145e]
V  [jvm.dll+0x7d1ac3]
V  [jvm.dll+0x242bc5]
V  [jvm.dll+0x7cbc5b]
V  [jvm.dll+0x616966]
V  [jvm.dll+0x1be3ee]
V  [jvm.dll+0x6192a1]
V  [jvm.dll+0x617306]
V  [jvm.dll+0x2385a0]
V  [jvm.dll+0x1e880d]
V  [jvm.dll+0x1de251]
V  [jvm.dll+0x537c30]
V  [jvm.dll+0x74aead]
V  [jvm.dll+0x74ae0a]
V  [jvm.dll+0x409364]
V  [jvm.dll+0x41caeb]
C  [java.dll+0x1657]

Java frames: (J=compiled Java code, j=interpreted, Vv=VM code)
J 1841  java.lang.ClassLoader.defineClass0(Ljava/lang/ClassLoader;Ljava/lang/Class;Ljava/lang/String;[BIILjava/security/ProtectionDomain;ZILjava/lang/Object;)Ljava/lang/Class; java.base@17.0.2 (0 bytes) @ 0x000001d9d03c8311 [0x000001d9d03c8220+0x00000000000000f1]
J 1840 c1 java.lang.System$2.defineClass(Ljava/lang/ClassLoader;Ljava/lang/Class;Ljava/lang/String;[BLjava/security/ProtectionDomain;ZILjava/lang/Object;)Ljava/lang/Class; java.base@17.0.2 (21 bytes) @ 0x000001d9c918356c [0x000001d9c91834c0+0x00000000000000ac]
J 1839 c1 java.lang.invoke.MethodHandles$Lookup$ClassDefiner.defineClass(ZLjava/lang/Object;)Ljava/lang/Class; java.base@17.0.2 (97 bytes) @ 0x000001d9c9182a34 [0x000001d9c9181f20+0x0000000000000b14]
j  java.lang.invoke.MethodHandles$Lookup$ClassDefiner.defineClassAsLookup(Z)Ljava/lang/invoke/MethodHandles$Lookup;+3 java.base@17.0.2
J 2076 c1 java.lang.invoke.MethodHandles$Lookup.defineHiddenClass([BZ[Ljava/lang/invoke/MethodHandles$Lookup$ClassOption;)Ljava/lang/invoke/MethodHandles$Lookup; java.base@17.0.2 (69 bytes) @ 0x000001d9c91e875c [0x000001d9c91e7e80+0x00000000000008dc]
J 1658 c1 java.lang.invoke.InnerClassLambdaMetafactory.generateInnerClass()Ljava/lang/Class; java.base@17.0.2 (618 bytes) @ 0x000001d9c9137acc [0x000001d9c9135aa0+0x000000000000202c]
J 1853 c1 java.lang.invoke.InnerClassLambdaMetafactory.spinInnerClass()Ljava/lang/Class; java.base@17.0.2 (111 bytes) @ 0x000001d9c91876f4 [0x000001d9c9187560+0x0000000000000194]
J 1874 c1 java.lang.invoke.InnerClassLambdaMetafactory.buildCallSite()Ljava/lang/invoke/CallSite; java.base@17.0.2 (201 bytes) @ 0x000001d9c918f004 [0x000001d9c918ef80+0x0000000000000084]
J 1482 c1 java.lang.invoke.LambdaMetafactory.metafactory(Ljava/lang/invoke/MethodHandles$Lookup;Ljava/lang/String;Ljava/lang/invoke/MethodType;Ljava/lang/invoke/MethodType;Ljava/lang/invoke/MethodHandle;Ljava/lang/invoke/MethodType;)Ljava/lang/invoke/CallSite; java.base@17.0.2 (71 bytes) @ 0x000001d9c90dde5c [0x000001d9c90dd9a0+0x00000000000004bc]
J 1957 c1 java.lang.invoke.LambdaForm$DMH+0x0000000800c84400.invokeStatic(Ljava/lang/Object;Ljava/lang/Object;Ljava/lang/Object;Ljava/lang/Object;Ljava/lang/Object;Ljava/lang/Object;Ljava/lang/Object;)Ljava/lang/Object; java.base@17.0.2 (31 bytes) @ 0x000001d9c91b640c [0x000001d9c91b60e0+0x000000000000032c]
J 1459 c1 java.lang.invoke.BootstrapMethodInvoker.invoke(Ljava/lang/Class;Ljava/lang/invoke/MethodHandle;Ljava/lang/String;Ljava/lang/Object;Ljava/lang/Object;Ljava/lang/Class;)Ljava/lang/Object; java.base@17.0.2 (974 bytes) @ 0x000001d9c90bf4c4 [0x000001d9c90b8da0+0x0000000000006724]
J 1099 c1 java.lang.invoke.CallSite.makeSite(Ljava/lang/invoke/MethodHandle;Ljava/lang/String;Ljava/lang/invoke/MethodType;Ljava/lang/Object;Ljava/lang/Class;)Ljava/lang/invoke/CallSite; java.base@17.0.2 (91 bytes) @ 0x000001d9c8fd9344 [0x000001d9c8fd92c0+0x0000000000000084]
J 1098 c1 java.lang.invoke.MethodHandleNatives.linkCallSiteImpl(Ljava/lang/Class;Ljava/lang/invoke/MethodHandle;Ljava/lang/String;Ljava/lang/invoke/MethodType;Ljava/lang/Object;[Ljava/lang/Object;)Ljava/lang/invoke/MemberName; java.base@17.0.2 (44 bytes) @ 0x000001d9c8fd83ac [0x000001d9c8fd8340+0x000000000000006c]
J 1097 c1 java.lang.invoke.MethodHandleNatives.linkCallSite(Ljava/lang/Object;ILjava/lang/Object;Ljava/lang/Object;Ljava/lang/Object;Ljava/lang/Object;[Ljava/lang/Object;)Ljava/lang/invoke/MemberName; java.base@17.0.2 (66 bytes) @ 0x000001d9c8fd7e24 [0x000001d9c8fd79e0+0x0000000000000444]
v  ~StubRoutines::call_stub
j  org.springframework.context.annotation.AnnotationBeanNameGenerator.determineBeanNameFromAnnotation(Lorg/springframework/beans/factory/annotation/AnnotatedBeanDefinition;)Ljava/lang/String;+67
j  org.springframework.context.annotation.AnnotationBeanNameGenerator.generateBeanName(Lorg/springframework/beans/factory/config/BeanDefinition;Lorg/springframework/beans/factory/support/BeanDefinitionRegistry;)Ljava/lang/String;+12
j  org.springframework.context.annotation.AnnotatedBeanDefinitionReader.doRegisterBean(Ljava/lang/Class;Ljava/lang/String;[Ljava/lang/Class;Ljava/util/function/Supplier;[Lorg/springframework/beans/factory/config/BeanDefinitionCustomizer;)V+74
j  org.springframework.context.annotation.AnnotatedBeanDefinitionReader.registerBean(Ljava/lang/Class;)V+6
j  org.springframework.context.annotation.AnnotatedBeanDefinitionReader.register([Ljava/lang/Class;)V+23
j  org.springframework.boot.BeanDefinitionLoader.load(Ljava/lang/Class;)V+63
j  org.springframework.boot.BeanDefinitionLoader.load(Ljava/lang/Object;)V+18
j  org.springframework.boot.BeanDefinitionLoader.load()V+23
j  org.springframework.boot.SpringApplication.load(Lorg/springframework/context/ApplicationContext;[Ljava/lang/Object;)V+99
j  org.springframework.boot.SpringApplication.prepareContext(Lorg/springframework/boot/DefaultBootstrapContext;Lorg/springframework/context/ConfigurableApplicationContext;Lorg/springframework/core/env/ConfigurableEnvironment;Lorg/springframework/boot/SpringApplicationRunListeners;Lorg/springframework/boot/ApplicationArguments;Lorg/springframework/boot/Banner;)V+179
j  org.springframework.boot.SpringApplication.run([Ljava/lang/String;)Lorg/springframework/context/ConfigurableApplicationContext;+101
j  org.springframework.boot.test.context.SpringBootContextLoader.loadContext(Lorg/springframework/test/context/MergedContextConfiguration;)Lorg/springframework/context/ApplicationContext;+270
j  org.springframework.test.context.cache.DefaultCacheAwareContextLoaderDelegate.loadContextInternal(Lorg/springframework/test/context/MergedContextConfiguration;)Lorg/springframework/context/ApplicationContext;+27
j  org.springframework.test.context.cache.DefaultCacheAwareContextLoaderDelegate.loadContext(Lorg/springframework/test/context/MergedContextConfiguration;)Lorg/springframework/context/ApplicationContext;+24
j  org.springframework.test.context.support.DefaultTestContext.getApplicationContext()Lorg/springframework/context/ApplicationContext;+8
j  org.springframework.test.context.web.ServletTestExecutionListener.setUpRequestContextIfNecessary(Lorg/springframework/test/context/TestContext;)V+18
j  org.springframework.test.context.web.ServletTestExecutionListener.prepareTestInstance(Lorg/springframework/test/context/TestContext;)V+2
j  org.springframework.test.context.TestContextManager.prepareTestInstance(Ljava/lang/Object;)V+89
j  org.springframework.test.context.junit.jupiter.SpringExtension.postProcessTestInstance(Ljava/lang/Object;Lorg/junit/jupiter/api/extension/ExtensionContext;)V+10
j  org.junit.jupiter.engine.descriptor.ClassBasedTestDescriptor.lambda$invokeTestInstancePostProcessors$8(Lorg/junit/jupiter/api/extension/TestInstancePostProcessor;Ljava/lang/Object;Lorg/junit/jupiter/api/extension/ExtensionContext;)V+3
j  org.junit.jupiter.engine.descriptor.ClassBasedTestDescriptor$$Lambda$441+0x0000000800d76d18.execute()V+12
j  org.junit.jupiter.engine.descriptor.ClassBasedTestDescriptor.executeAndMaskThrowable(Lorg/junit/jupiter/api/function/Executable;)V+1
j  org.junit.jupiter.engine.descriptor.ClassBasedTestDescriptor.lambda$invokeTestInstancePostProcessors$9(Ljava/lang/Object;Lorg/junit/jupiter/api/extension/ExtensionContext;Lorg/junit/jupiter/api/extension/TestInstancePostProcessor;)V+9
j  org.junit.jupiter.engine.descriptor.ClassBasedTestDescriptor$$Lambda$440+0x0000000800d768f0.accept(Ljava/lang/Object;)V+16
j  java.util.stream.StreamSpliterators$WrappingSpliterator$$Lambda$302+0x0000000800c73c50.accept(Ljava/lang/Object;)V+5 java.base@17.0.2
j  java.util.stream.ReferencePipeline$3$1.accept(Ljava/lang/Object;)V+17 java.base@17.0.2
J 1166 c1 java.util.stream.ReferencePipeline$2$1.accept(Ljava/lang/Object;)V java.base@17.0.2 (27 bytes) @ 0x000001d9c900e4d4 [0x000001d9c900e2c0+0x0000000000000214]
j  java.util.ArrayList$ArrayListSpliterator.forEachRemaining(Ljava/util/function/Consumer;)V+95 java.base@17.0.2
j  java.util.stream.AbstractPipeline.copyInto(Ljava/util/stream/Sink;Ljava/util/Spliterator;)V+32 java.base@17.0.2
j  java.util.stream.AbstractPipeline.wrapAndCopyInto(Ljava/util/stream/Sink;Ljava/util/Spliterator;)Ljava/util/stream/Sink;+13 java.base@17.0.2
j  java.util.stream.StreamSpliterators$WrappingSpliterator.forEachRemaining(Ljava/util/function/Consumer;)V+42 java.base@17.0.2
j  java.util.stream.Streams$ConcatSpliterator.forEachRemaining(Ljava/util/function/Consumer;)V+22 java.base@17.0.2
j  java.util.stream.Streams$ConcatSpliterator.forEachRemaining(Ljava/util/function/Consumer;)V+12 java.base@17.0.2
j  java.util.stream.ReferencePipeline$Head.forEach(Ljava/util/function/Consumer;)V+12 java.base@17.0.2
j  org.junit.jupiter.engine.descriptor.ClassBasedTestDescriptor.invokeTestInstancePostProcessors(Ljava/lang/Object;Lorg/junit/jupiter/engine/extension/ExtensionRegistry;Lorg/junit/jupiter/api/extension/ExtensionContext;)V+17
j  org.junit.jupiter.engine.descriptor.ClassBasedTestDescriptor.lambda$instantiateAndPostProcessTestInstance$6(Lorg/junit/jupiter/api/extension/TestInstances;Lorg/junit/jupiter/engine/extension/ExtensionRegistry;Lorg/junit/jupiter/api/extension/ExtensionContext;Lorg/junit/jupiter/engine/extension/ExtensionRegistrar;)V+9
j  org.junit.jupiter.engine.descriptor.ClassBasedTestDescriptor$$Lambda$439+0x0000000800d766d0.execute()V+20
j  org.junit.platform.engine.support.hierarchical.ThrowableCollector.execute(Lorg/junit/platform/engine/support/hierarchical/ThrowableCollector$Executable;)V+1
j  org.junit.jupiter.engine.descriptor.ClassBasedTestDescriptor.instantiateAndPostProcessTestInstance(Lorg/junit/jupiter/engine/execution/JupiterEngineExecutionContext;Lorg/junit/jupiter/api/extension/ExtensionContext;Lorg/junit/jupiter/engine/extension/ExtensionRegistry;Lorg/junit/jupiter/engine/extension/ExtensionRegistrar;Lorg/junit/platform/engine/support/hierarchical/ThrowableCollector;)Lorg/junit/jupiter/api/extension/TestInstances;+27
j  org.junit.jupiter.engine.descriptor.ClassBasedTestDescriptor.lambda$testInstancesProvider$4(Lorg/junit/jupiter/engine/execution/JupiterEngineExecutionContext;Lorg/junit/jupiter/engine/descriptor/ClassExtensionContext;Lorg/junit/jupiter/engine/extension/ExtensionRegistry;Lorg/junit/jupiter/engine/extension/ExtensionRegistrar;Lorg/junit/platform/engine/support/hierarchical/ThrowableCollector;)Lorg/junit/jupiter/api/extension/TestInstances;+8
j  org.junit.jupiter.engine.descriptor.ClassBasedTestDescriptor$$Lambda$434+0x0000000800d72fe0.get()Ljava/lang/Object;+24
j  java.util.Optional.orElseGet(Ljava/util/function/Supplier;)Ljava/lang/Object;+15 java.base@17.0.2
j  org.junit.jupiter.engine.descriptor.ClassBasedTestDescriptor.lambda$testInstancesProvider$5(Lorg/junit/jupiter/engine/descriptor/ClassExtensionContext;Lorg/junit/jupiter/engine/execution/JupiterEngineExecutionContext;Lorg/junit/jupiter/engine/extension/ExtensionRegistry;Lorg/junit/jupiter/engine/extension/ExtensionRegistrar;Lorg/junit/platform/engine/support/hierarchical/ThrowableCollector;)Lorg/junit/jupiter/api/extension/TestInstances;+17
j  org.junit.jupiter.engine.descriptor.ClassBasedTestDescriptor$$Lambda$321+0x0000000800cb23f0.getTestInstances(Lorg/junit/jupiter/engine/extension/ExtensionRegistry;Lorg/junit/jupiter/engine/extension/ExtensionRegistrar;Lorg/junit/platform/engine/support/hierarchical/ThrowableCollector;)Lorg/junit/jupiter/api/extension/TestInstances;+15
j  org.junit.jupiter.engine.execution.TestInstancesProvider.getTestInstances(Lorg/junit/jupiter/engine/extension/MutableExtensionRegistry;Lorg/junit/platform/engine/support/hierarchical/ThrowableCollector;)Lorg/junit/jupiter/api/extension/TestInstances;+4
j  org.junit.jupiter.engine.descriptor.TestMethodTestDescriptor.lambda$prepare$0(Lorg/junit/jupiter/engine/execution/JupiterEngineExecutionContext;Lorg/junit/jupiter/engine/extension/MutableExtensionRegistry;Lorg/junit/platform/engine/support/hierarchical/ThrowableCollector;Lorg/junit/jupiter/engine/descriptor/MethodExtensionContext;)V+6
j  org.junit.jupiter.engine.descriptor.TestMethodTestDescriptor$$Lambda$433+0x0000000800d72dc0.execute()V+16
j  org.junit.platform.engine.support.hierarchical.ThrowableCollector.execute(Lorg/junit/platform/engine/support/hierarchical/ThrowableCollector$Executable;)V+1
j  org.junit.jupiter.engine.descriptor.TestMethodTestDescriptor.prepare(Lorg/junit/jupiter/engine/execution/JupiterEngineExecutionContext;)Lorg/junit/jupiter/engine/execution/JupiterEngineExecutionContext;+44
j  org.junit.jupiter.engine.descriptor.TestMethodTestDescriptor.prepare(Lorg/junit/platform/engine/support/hierarchical/EngineExecutionContext;)Lorg/junit/platform/engine/support/hierarchical/EngineExecutionContext;+5
j  org.junit.platform.engine.support.hierarchical.NodeTestTask.lambda$prepare$2()V+9
j  org.junit.platform.engine.support.hierarchical.NodeTestTask$$Lambda$262+0x0000000800ca46c8.execute()V+4
j  org.junit.platform.engine.support.hierarchical.ThrowableCollector.execute(Lorg/junit/platform/engine/support/hierarchical/ThrowableCollector$Executable;)V+1
j  org.junit.platform.engine.support.hierarchical.NodeTestTask.prepare()V+10
j  org.junit.platform.engine.support.hierarchical.NodeTestTask.execute()V+17
j  org.junit.platform.engine.support.hierarchical.SameThreadHierarchicalTestExecutorService$$Lambda$277+0x0000000800ca1230.accept(Ljava/lang/Object;)V+4
j  java.util.ArrayList.forEach(Ljava/util/function/Consumer;)V+46 java.base@17.0.2
j  org.junit.platform.engine.support.hierarchical.SameThreadHierarchicalTestExecutorService.invokeAll(Ljava/util/List;)V+6
j  org.junit.platform.engine.support.hierarchical.NodeTestTask.lambda$executeRecursively$6()V+116
j  org.junit.platform.engine.support.hierarchical.NodeTestTask$$Lambda$273+0x0000000800ca3560.execute()V+4
j  org.junit.platform.engine.support.hierarchical.ThrowableCollector.execute(Lorg/junit/platform/engine/support/hierarchical/ThrowableCollector$Executable;)V+1
j  org.junit.platform.engine.support.hierarchical.NodeTestTask.lambda$executeRecursively$8(Lorg/junit/platform/engine/support/hierarchical/EngineExecutionContext;)V+15
j  org.junit.platform.engine.support.hierarchical.NodeTestTask$$Lambda$272+0x0000000800ca3340.invoke(Lorg/junit/platform/engine/support/hierarchical/EngineExecutionContext;)V+5
j  org.junit.platform.engine.support.hierarchical.Node.around(Lorg/junit/platform/engine/support/hierarchical/EngineExecutionContext;Lorg/junit/platform/engine/support/hierarchical/Node$Invocation;)V+2
j  org.junit.platform.engine.support.hierarchical.NodeTestTask.lambda$executeRecursively$9()V+14
j  org.junit.platform.engine.support.hierarchical.NodeTestTask$$Lambda$271+0x0000000800ca2f28.execute()V+4
j  org.junit.platform.engine.support.hierarchical.ThrowableCollector.execute(Lorg/junit/platform/engine/support/hierarchical/ThrowableCollector$Executable;)V+1
j  org.junit.platform.engine.support.hierarchical.NodeTestTask.executeRecursively()V+31
j  org.junit.platform.engine.support.hierarchical.NodeTestTask.execute()V+55
j  org.junit.platform.engine.support.hierarchical.SameThreadHierarchicalTestExecutorService$$Lambda$277+0x0000000800ca1230.accept(Ljava/lang/Object;)V+4
j  java.util.ArrayList.forEach(Ljava/util/function/Consumer;)V+46 java.base@17.0.2
j  org.junit.platform.engine.support.hierarchical.SameThreadHierarchicalTestExecutorService.invokeAll(Ljava/util/List;)V+6
j  org.junit.platform.engine.support.hierarchical.NodeTestTask.lambda$executeRecursively$6()V+116
j  org.junit.platform.engine.support.hierarchical.NodeTestTask$$Lambda$273+0x0000000800ca3560.execute()V+4
j  org.junit.platform.engine.support.hierarchical.ThrowableCollector.execute(Lorg/junit/platform/engine/support/hierarchical/ThrowableCollector$Executable;)V+1
j  org.junit.platform.engine.support.hierarchical.NodeTestTask.lambda$executeRecursively$8(Lorg/junit/platform/engine/support/hierarchical/EngineExecutionContext;)V+15
j  org.junit.platform.engine.support.hierarchical.NodeTestTask$$Lambda$272+0x0000000800ca3340.invoke(Lorg/junit/platform/engine/support/hierarchical/EngineExecutionContext;)V+5
j  org.junit.platform.engine.support.hierarchical.Node.around(Lorg/junit/platform/engine/support/hierarchical/EngineExecutionContext;Lorg/junit/platform/engine/support/hierarchical/Node$Invocation;)V+2
j  org.junit.platform.engine.support.hierarchical.NodeTestTask.lambda$executeRecursively$9()V+14
j  org.junit.platform.engine.support.hierarchical.NodeTestTask$$Lambda$271+0x0000000800ca2f28.execute()V+4
j  org.junit.platform.engine.support.hierarchical.ThrowableCollector.execute(Lorg/junit/platform/engine/support/hierarchical/ThrowableCollector$Executable;)V+1
j  org.junit.platform.engine.support.hierarchical.NodeTestTask.executeRecursively()V+31
j  org.junit.platform.engine.support.hierarchical.NodeTestTask.execute()V+55
j  org.junit.platform.engine.support.hierarchical.SameThreadHierarchicalTestExecutorService.submit(Lorg/junit/platform/engine/support/hierarchical/HierarchicalTestExecutorService$TestTask;)Ljava/util/concurrent/Future;+1
j  org.junit.platform.engine.support.hierarchical.HierarchicalTestExecutor.execute()Ljava/util/concurrent/Future;+74
j  org.junit.platform.engine.support.hierarchical.HierarchicalTestEngine.execute(Lorg/junit/platform/engine/ExecutionRequest;)V+31
j  org.junit.platform.launcher.core.EngineExecutionOrchestrator.execute(Lorg/junit/platform/engine/TestDescriptor;Lorg/junit/platform/engine/EngineExecutionListener;Lorg/junit/platform/engine/ConfigurationParameters;Lorg/junit/platform/engine/TestEngine;)V+24
j  org.junit.platform.launcher.core.EngineExecutionOrchestrator.execute(Lorg/junit/platform/launcher/core/LauncherDiscoveryResult;Lorg/junit/platform/engine/EngineExecutionListener;)V+86
j  org.junit.platform.launcher.core.EngineExecutionOrchestrator.lambda$execute$0(Lorg/junit/platform/launcher/core/InternalTestPlan;Lorg/junit/platform/launcher/core/LauncherDiscoveryResult;Lorg/junit/platform/launcher/TestExecutionListener;)V+18
j  org.junit.platform.launcher.core.EngineExecutionOrchestrator$$Lambda$215+0x0000000800c91ea8.accept(Ljava/lang/Object;)V+16
j  org.junit.platform.launcher.core.EngineExecutionOrchestrator.withInterceptedStreams(Lorg/junit/platform/engine/ConfigurationParameters;Lorg/junit/platform/launcher/core/ListenerRegistry;Ljava/util/function/Consumer;)V+51
j  org.junit.platform.launcher.core.EngineExecutionOrchestrator.execute(Lorg/junit/platform/launcher/core/InternalTestPlan;[Lorg/junit/platform/launcher/TestExecutionListener;)V+35
j  org.junit.platform.launcher.core.DefaultLauncher.execute(Lorg/junit/platform/launcher/core/InternalTestPlan;[Lorg/junit/platform/launcher/TestExecutionListener;)V+6
j  org.junit.platform.launcher.core.DefaultLauncher.execute(Lorg/junit/platform/launcher/LauncherDiscoveryRequest;[Lorg/junit/platform/launcher/TestExecutionListener;)V+34
j  org.junit.platform.launcher.core.DefaultLauncherSession$DelegatingLauncher.execute(Lorg/junit/platform/launcher/LauncherDiscoveryRequest;[Lorg/junit/platform/launcher/TestExecutionListener;)V+6
j  org.junit.platform.launcher.core.SessionPerRequestLauncher.execute(Lorg/junit/platform/launcher/LauncherDiscoveryRequest;[Lorg/junit/platform/launcher/TestExecutionListener;)V+13
j  com.intellij.junit5.JUnit5IdeaTestRunner.startRunnerWithArgs([Ljava/lang/String;Ljava/lang/String;IZ)I+202
j  com.intellij.rt.junit.IdeaTestRunner$Repeater.startRunnerWithArgs(Lcom/intellij/rt/junit/IdeaTestRunner;[Ljava/lang/String;Ljava/util/ArrayList;Ljava/lang/String;IZ)I+22
j  com.intellij.rt.junit.JUnitStarter.prepareStreamsAndStart([Ljava/lang/String;Ljava/lang/String;Ljava/util/ArrayList;Ljava/lang/String;)I+116
j  com.intellij.rt.junit.JUnitStarter.main([Ljava/lang/String;)V+97
v  ~StubRoutines::call_stub

---------------  P R O C E S S  ---------------

Threads class SMR info:
_java_thread_list=0x000001d9e09a9f00, length=14, elements={
0x000001d9c100b7f0, 0x000001d9dee94ea0, 0x000001d9dee95850, 0x000001d9deea74a0,
0x000001d9deea7e50, 0x000001d9deea8800, 0x000001d9deea91b0, 0x000001d9deea9e90,
0x000001d9deeac950, 0x000001d9def029e0, 0x000001d9dee7c4f0, 0x000001d9dfa07fb0,
0x000001d9dfa09220, 0x000001d9e09f1850
}

Java Threads: ( => current thread )
=>0x000001d9c100b7f0 JavaThread "main" [_thread_in_vm, id=11344, stack(0x000000d5b5900000,0x000000d5b5a00000)]
  0x000001d9dee94ea0 JavaThread "Reference Handler" daemon [_thread_blocked, id=8172, stack(0x000000d5b6000000,0x000000d5b6100000)]
  0x000001d9dee95850 JavaThread "Finalizer" daemon [_thread_blocked, id=11400, stack(0x000000d5b6100000,0x000000d5b6200000)]
  0x000001d9deea74a0 JavaThread "Signal Dispatcher" daemon [_thread_blocked, id=7652, stack(0x000000d5b6200000,0x000000d5b6300000)]
  0x000001d9deea7e50 JavaThread "Attach Listener" daemon [_thread_blocked, id=2532, stack(0x000000d5b6300000,0x000000d5b6400000)]
  0x000001d9deea8800 JavaThread "Service Thread" daemon [_thread_blocked, id=4236, stack(0x000000d5b6400000,0x000000d5b6500000)]
  0x000001d9deea91b0 JavaThread "Monitor Deflation Thread" daemon [_thread_blocked, id=5720, stack(0x000000d5b6500000,0x000000d5b6600000)]
  0x000001d9deea9e90 JavaThread "C2 CompilerThread0" daemon [_thread_in_native, id=3692, stack(0x000000d5b6600000,0x000000d5b6700000)]
  0x000001d9deeac950 JavaThread "C1 CompilerThread0" daemon [_thread_blocked, id=14528, stack(0x000000d5b6700000,0x000000d5b6800000)]
  0x000001d9def029e0 JavaThread "Sweeper thread" daemon [_thread_blocked, id=10760, stack(0x000000d5b6800000,0x000000d5b6900000)]
  0x000001d9dee7c4f0 JavaThread "Common-Cleaner" daemon [_thread_blocked, id=15664, stack(0x000000d5b6900000,0x000000d5b6a00000)]
  0x000001d9dfa07fb0 JavaThread "Monitor Ctrl-Break" daemon [_thread_in_native, id=7920, stack(0x000000d5b6a00000,0x000000d5b6b00000)]
  0x000001d9dfa09220 JavaThread "Notification Thread" daemon [_thread_blocked, id=12328, stack(0x000000d5b6b00000,0x000000d5b6c00000)]
  0x000001d9e09f1850 JavaThread "background-preinit" [_thread_in_vm, id=7420, stack(0x000000d5b7400000,0x000000d5b7500000)]

Other Threads:
  0x000001d9dee90d70 VMThread "VM Thread" [stack: 0x000000d5b5f00000,0x000000d5b6000000] [id=13624]
  0x000001d9dfa08480 WatcherThread [stack: 0x000000d5b6c00000,0x000000d5b6d00000] [id=10164]
  0x000001d9c1048dc0 GCTaskThread "GC Thread#0" [stack: 0x000000d5b5a00000,0x000000d5b5b00000] [id=12984]
  0x000001d9e0456590 GCTaskThread "GC Thread#1" [stack: 0x000000d5b6d00000,0x000000d5b6e00000] [id=3556]
  0x000001d9e058f040 GCTaskThread "GC Thread#2" [stack: 0x000000d5b6e00000,0x000000d5b6f00000] [id=15912]
  0x000001d9e058f2f0 GCTaskThread "GC Thread#3" [stack: 0x000000d5b6f00000,0x000000d5b7000000] [id=12040]
  0x000001d9e05a5e90 GCTaskThread "GC Thread#4" [stack: 0x000000d5b7000000,0x000000d5b7100000] [id=12964]
  0x000001d9e05a6140 GCTaskThread "GC Thread#5" [stack: 0x000000d5b7100000,0x000000d5b7200000] [id=14416]
  0x000001d9e05a63f0 GCTaskThread "GC Thread#6" [stack: 0x000000d5b7200000,0x000000d5b7300000] [id=16548]
  0x000001d9e05a6b20 GCTaskThread "GC Thread#7" [stack: 0x000000d5b7300000,0x000000d5b7400000] [id=6184]
  0x000001d9c105a750 ConcurrentGCThread "G1 Main Marker" [stack: 0x000000d5b5b00000,0x000000d5b5c00000] [id=8536]
  0x000001d9c105b160 ConcurrentGCThread "G1 Conc#0" [stack: 0x000000d5b5c00000,0x000000d5b5d00000] [id=7392]
  0x000001d9c10d39d0 ConcurrentGCThread "G1 Refine#0" [stack: 0x000000d5b5d00000,0x000000d5b5e00000] [id=5668]
  0x000001d9c10d5400 ConcurrentGCThread "G1 Service" [stack: 0x000000d5b5e00000,0x000000d5b5f00000] [id=10572]

Threads with active compile tasks:
C2 CompilerThread0     5313 2115       4       java.net.URLStreamHandler::parseURL (1201 bytes)

VM state: not at safepoint (normal execution)

VM Mutex/Monitor currently owned by a thread:  ([mutex/lock_event])
[0x000001d9c0ffbb70] Metaspace_lock - owner thread: 0x000001d9c100b7f0

Heap address: 0x0000000084e00000, size: 1970 MB, Compressed Oops mode: 32-bit

CDS archive(s) mapped at: [0x0000000800000000-0x0000000800bc0000-0x0000000800bc0000), size 12320768, SharedBaseAddress: 0x0000000800000000, ArchiveRelocationMode: 0.
Compressed class space mapped at: 0x0000000800c00000-0x0000000840c00000, reserved size: 1073741824
Narrow klass base: 0x0000000800000000, Narrow klass shift: 0, Narrow klass range: 0x100000000

GC Precious Log:
 CPUs: 8 total, 8 available
 Memory: 7872M
 Large Page Support: Disabled
 NUMA Support: Disabled
 Compressed Oops: Enabled (32-bit)
 Heap Region Size: 1M
 Heap Min Capacity: 8M
 Heap Initial Capacity: 124M
 Heap Max Capacity: 1970M
 Pre-touch: Disabled
 Parallel Workers: 8
 Concurrent Workers: 2
 Concurrent Refinement Workers: 8
 Periodic GC: Disabled

Heap:
 garbage-first heap   total 126976K, used 23317K [0x0000000084e00000, 0x0000000100000000)
  region size 1024K, 17 young (17408K), 3 survivors (3072K)
 Metaspace       used 15235K, committed 15424K, reserved 1064960K
  class space    used 1970K, committed 2048K, reserved 1048576K

Heap Regions: E=young(eden), S=young(survivor), O=old, HS=humongous(starts), HC=humongous(continues), CS=collection set, F=free, OA=open archive, CA=closed archive, TAMS=top-at-mark-start (previous, next)
|   0|0x0000000084e00000, 0x0000000084f00000, 0x0000000084f00000|100%|HS|  |TAMS 0x0000000084e00000, 0x0000000084e00000| Complete 
|   1|0x0000000084f00000, 0x0000000085000000, 0x0000000085000000|100%| O|  |TAMS 0x0000000084f00000, 0x0000000084f00000| Untracked 
|   2|0x0000000085000000, 0x0000000085100000, 0x0000000085100000|100%| O|  |TAMS 0x0000000085000000, 0x0000000085000000| Untracked 
|   3|0x0000000085100000, 0x0000000085200000, 0x0000000085200000|100%| O|  |TAMS 0x0000000085100000, 0x0000000085100000| Untracked 
|   4|0x0000000085200000, 0x0000000085300000, 0x0000000085300000|100%| O|  |TAMS 0x0000000085200000, 0x0000000085200000| Untracked 
|   5|0x0000000085300000, 0x0000000085400000, 0x0000000085400000|100%| O|  |TAMS 0x0000000085300000, 0x0000000085300000| Untracked 
|   6|0x0000000085400000, 0x0000000085500000, 0x0000000085500000|100%| O|  |TAMS 0x0000000085400000, 0x0000000085400000| Untracked 
|   7|0x0000000085500000, 0x000000008553a200, 0x0000000085600000| 22%| O|  |TAMS 0x0000000085500000, 0x0000000085500000| Untracked 
|   8|0x0000000085600000, 0x0000000085600000, 0x0000000085700000|  0%| F|  |TAMS 0x0000000085600000, 0x0000000085600000| Untracked 
|   9|0x0000000085700000, 0x0000000085700000, 0x0000000085800000|  0%| F|  |TAMS 0x0000000085700000, 0x0000000085700000| Untracked 
|  10|0x0000000085800000, 0x0000000085800000, 0x0000000085900000|  0%| F|  |TAMS 0x0000000085800000, 0x0000000085800000| Untracked 
|  11|0x0000000085900000, 0x0000000085900000, 0x0000000085a00000|  0%| F|  |TAMS 0x0000000085900000, 0x0000000085900000| Untracked 
|  12|0x0000000085a00000, 0x0000000085a00000, 0x0000000085b00000|  0%| F|  |TAMS 0x0000000085a00000, 0x0000000085a00000| Untracked 
|  13|0x0000000085b00000, 0x0000000085b00000, 0x0000000085c00000|  0%| F|  |TAMS 0x0000000085b00000, 0x0000000085b00000| Untracked 
|  14|0x0000000085c00000, 0x0000000085c00000, 0x0000000085d00000|  0%| F|  |TAMS 0x0000000085c00000, 0x0000000085c00000| Untracked 
|  15|0x0000000085d00000, 0x0000000085d00000, 0x0000000085e00000|  0%| F|  |TAMS 0x0000000085d00000, 0x0000000085d00000| Untracked 
|  16|0x0000000085e00000, 0x0000000085e00000, 0x0000000085f00000|  0%| F|  |TAMS 0x0000000085e00000, 0x0000000085e00000| Untracked 
|  17|0x0000000085f00000, 0x0000000085f00000, 0x0000000086000000|  0%| F|  |TAMS 0x0000000085f00000, 0x0000000085f00000| Untracked 
|  18|0x0000000086000000, 0x0000000086000000, 0x0000000086100000|  0%| F|  |TAMS 0x0000000086000000, 0x0000000086000000| Untracked 
|  19|0x0000000086100000, 0x0000000086100000, 0x0000000086200000|  0%| F|  |TAMS 0x0000000086100000, 0x0000000086100000| Untracked 
|  20|0x0000000086200000, 0x0000000086200000, 0x0000000086300000|  0%| F|  |TAMS 0x0000000086200000, 0x0000000086200000| Untracked 
|  21|0x0000000086300000, 0x0000000086300000, 0x0000000086400000|  0%| F|  |TAMS 0x0000000086300000, 0x0000000086300000| Untracked 
|  22|0x0000000086400000, 0x0000000086400000, 0x0000000086500000|  0%| F|  |TAMS 0x0000000086400000, 0x0000000086400000| Untracked 
|  23|0x0000000086500000, 0x0000000086500000, 0x0000000086600000|  0%| F|  |TAMS 0x0000000086500000, 0x0000000086500000| Untracked 
|  24|0x0000000086600000, 0x0000000086600000, 0x0000000086700000|  0%| F|  |TAMS 0x0000000086600000, 0x0000000086600000| Untracked 
|  25|0x0000000086700000, 0x0000000086700000, 0x0000000086800000|  0%| F|  |TAMS 0x0000000086700000, 0x0000000086700000| Untracked 
|  26|0x0000000086800000, 0x0000000086800000, 0x0000000086900000|  0%| F|  |TAMS 0x0000000086800000, 0x0000000086800000| Untracked 
|  27|0x0000000086900000, 0x0000000086900000, 0x0000000086a00000|  0%| F|  |TAMS 0x0000000086900000, 0x0000000086900000| Untracked 
|  28|0x0000000086a00000, 0x0000000086a00000, 0x0000000086b00000|  0%| F|  |TAMS 0x0000000086a00000, 0x0000000086a00000| Untracked 
|  29|0x0000000086b00000, 0x0000000086b00000, 0x0000000086c00000|  0%| F|  |TAMS 0x0000000086b00000, 0x0000000086b00000| Untracked 
|  30|0x0000000086c00000, 0x0000000086c00000, 0x0000000086d00000|  0%| F|  |TAMS 0x0000000086c00000, 0x0000000086c00000| Untracked 
|  31|0x0000000086d00000, 0x0000000086d00000, 0x0000000086e00000|  0%| F|  |TAMS 0x0000000086d00000, 0x0000000086d00000| Untracked 
|  32|0x0000000086e00000, 0x0000000086e00000, 0x0000000086f00000|  0%| F|  |TAMS 0x0000000086e00000, 0x0000000086e00000| Untracked 
|  33|0x0000000086f00000, 0x0000000086f00000, 0x0000000087000000|  0%| F|  |TAMS 0x0000000086f00000, 0x0000000086f00000| Untracked 
|  34|0x0000000087000000, 0x0000000087000000, 0x0000000087100000|  0%| F|  |TAMS 0x0000000087000000, 0x0000000087000000| Untracked 
|  35|0x0000000087100000, 0x0000000087100000, 0x0000000087200000|  0%| F|  |TAMS 0x0000000087100000, 0x0000000087100000| Untracked 
|  36|0x0000000087200000, 0x0000000087200000, 0x0000000087300000|  0%| F|  |TAMS 0x0000000087200000, 0x0000000087200000| Untracked 
|  37|0x0000000087300000, 0x0000000087300000, 0x0000000087400000|  0%| F|  |TAMS 0x0000000087300000, 0x0000000087300000| Untracked 
|  38|0x0000000087400000, 0x0000000087400000, 0x0000000087500000|  0%| F|  |TAMS 0x0000000087400000, 0x0000000087400000| Untracked 
|  39|0x0000000087500000, 0x0000000087500000, 0x0000000087600000|  0%| F|  |TAMS 0x0000000087500000, 0x0000000087500000| Untracked 
|  40|0x0000000087600000, 0x0000000087600000, 0x0000000087700000|  0%| F|  |TAMS 0x0000000087600000, 0x0000000087600000| Untracked 
|  41|0x0000000087700000, 0x0000000087700000, 0x0000000087800000|  0%| F|  |TAMS 0x0000000087700000, 0x0000000087700000| Untracked 
|  42|0x0000000087800000, 0x0000000087800000, 0x0000000087900000|  0%| F|  |TAMS 0x0000000087800000, 0x0000000087800000| Untracked 
|  43|0x0000000087900000, 0x0000000087900000, 0x0000000087a00000|  0%| F|  |TAMS 0x0000000087900000, 0x0000000087900000| Untracked 
|  44|0x0000000087a00000, 0x0000000087a00000, 0x0000000087b00000|  0%| F|  |TAMS 0x0000000087a00000, 0x0000000087a00000| Untracked 
|  45|0x0000000087b00000, 0x0000000087b00000, 0x0000000087c00000|  0%| F|  |TAMS 0x0000000087b00000, 0x0000000087b00000| Untracked 
|  46|0x0000000087c00000, 0x0000000087c00000, 0x0000000087d00000|  0%| F|  |TAMS 0x0000000087c00000, 0x0000000087c00000| Untracked 
|  47|0x0000000087d00000, 0x0000000087d00000, 0x0000000087e00000|  0%| F|  |TAMS 0x0000000087d00000, 0x0000000087d00000| Untracked 
|  48|0x0000000087e00000, 0x0000000087e00000, 0x0000000087f00000|  0%| F|  |TAMS 0x0000000087e00000, 0x0000000087e00000| Untracked 
|  49|0x0000000087f00000, 0x0000000087f00000, 0x0000000088000000|  0%| F|  |TAMS 0x0000000087f00000, 0x0000000087f00000| Untracked 
|  50|0x0000000088000000, 0x0000000088000000, 0x0000000088100000|  0%| F|  |TAMS 0x0000000088000000, 0x0000000088000000| Untracked 
|  51|0x0000000088100000, 0x0000000088100000, 0x0000000088200000|  0%| F|  |TAMS 0x0000000088100000, 0x0000000088100000| Untracked 
|  52|0x0000000088200000, 0x0000000088200000, 0x0000000088300000|  0%| F|  |TAMS 0x0000000088200000, 0x0000000088200000| Untracked 
|  53|0x0000000088300000, 0x0000000088300000, 0x0000000088400000|  0%| F|  |TAMS 0x0000000088300000, 0x0000000088300000| Untracked 
|  54|0x0000000088400000, 0x0000000088400000, 0x0000000088500000|  0%| F|  |TAMS 0x0000000088400000, 0x0000000088400000| Untracked 
|  55|0x0000000088500000, 0x0000000088500000, 0x0000000088600000|  0%| F|  |TAMS 0x0000000088500000, 0x0000000088500000| Untracked 
|  56|0x0000000088600000, 0x0000000088600000, 0x0000000088700000|  0%| F|  |TAMS 0x0000000088600000, 0x0000000088600000| Untracked 
|  57|0x0000000088700000, 0x0000000088700000, 0x0000000088800000|  0%| F|  |TAMS 0x0000000088700000, 0x0000000088700000| Untracked 
|  58|0x0000000088800000, 0x0000000088800000, 0x0000000088900000|  0%| F|  |TAMS 0x0000000088800000, 0x0000000088800000| Untracked 
|  59|0x0000000088900000, 0x0000000088900000, 0x0000000088a00000|  0%| F|  |TAMS 0x0000000088900000, 0x0000000088900000| Untracked 
|  60|0x0000000088a00000, 0x0000000088a00000, 0x0000000088b00000|  0%| F|  |TAMS 0x0000000088a00000, 0x0000000088a00000| Untracked 
|  61|0x0000000088b00000, 0x0000000088b00000, 0x0000000088c00000|  0%| F|  |TAMS 0x0000000088b00000, 0x0000000088b00000| Untracked 
|  62|0x0000000088c00000, 0x0000000088c00000, 0x0000000088d00000|  0%| F|  |TAMS 0x0000000088c00000, 0x0000000088c00000| Untracked 
|  63|0x0000000088d00000, 0x0000000088d00000, 0x0000000088e00000|  0%| F|  |TAMS 0x0000000088d00000, 0x0000000088d00000| Untracked 
|  64|0x0000000088e00000, 0x0000000088e00000, 0x0000000088f00000|  0%| F|  |TAMS 0x0000000088e00000, 0x0000000088e00000| Untracked 
|  65|0x0000000088f00000, 0x0000000088f00000, 0x0000000089000000|  0%| F|  |TAMS 0x0000000088f00000, 0x0000000088f00000| Untracked 
|  66|0x0000000089000000, 0x0000000089000000, 0x0000000089100000|  0%| F|  |TAMS 0x0000000089000000, 0x0000000089000000| Untracked 
|  67|0x0000000089100000, 0x0000000089100000, 0x0000000089200000|  0%| F|  |TAMS 0x0000000089100000, 0x0000000089100000| Untracked 
|  68|0x0000000089200000, 0x0000000089200000, 0x0000000089300000|  0%| F|  |TAMS 0x0000000089200000, 0x0000000089200000| Untracked 
|  69|0x0000000089300000, 0x0000000089300000, 0x0000000089400000|  0%| F|  |TAMS 0x0000000089300000, 0x0000000089300000| Untracked 
|  70|0x0000000089400000, 0x0000000089400000, 0x0000000089500000|  0%| F|  |TAMS 0x0000000089400000, 0x0000000089400000| Untracked 
|  71|0x0000000089500000, 0x0000000089500000, 0x0000000089600000|  0%| F|  |TAMS 0x0000000089500000, 0x0000000089500000| Untracked 
|  72|0x0000000089600000, 0x0000000089600000, 0x0000000089700000|  0%| F|  |TAMS 0x0000000089600000, 0x0000000089600000| Untracked 
|  73|0x0000000089700000, 0x0000000089700000, 0x0000000089800000|  0%| F|  |TAMS 0x0000000089700000, 0x0000000089700000| Untracked 
|  74|0x0000000089800000, 0x0000000089800000, 0x0000000089900000|  0%| F|  |TAMS 0x0000000089800000, 0x0000000089800000| Untracked 
|  75|0x0000000089900000, 0x0000000089900000, 0x0000000089a00000|  0%| F|  |TAMS 0x0000000089900000, 0x0000000089900000| Untracked 
|  76|0x0000000089a00000, 0x0000000089a00000, 0x0000000089b00000|  0%| F|  |TAMS 0x0000000089a00000, 0x0000000089a00000| Untracked 
|  77|0x0000000089b00000, 0x0000000089b00000, 0x0000000089c00000|  0%| F|  |TAMS 0x0000000089b00000, 0x0000000089b00000| Untracked 
|  78|0x0000000089c00000, 0x0000000089c00000, 0x0000000089d00000|  0%| F|  |TAMS 0x0000000089c00000, 0x0000000089c00000| Untracked 
|  79|0x0000000089d00000, 0x0000000089d00000, 0x0000000089e00000|  0%| F|  |TAMS 0x0000000089d00000, 0x0000000089d00000| Untracked 
|  80|0x0000000089e00000, 0x0000000089e00000, 0x0000000089f00000|  0%| F|  |TAMS 0x0000000089e00000, 0x0000000089e00000| Untracked 
|  81|0x0000000089f00000, 0x0000000089f00000, 0x000000008a000000|  0%| F|  |TAMS 0x0000000089f00000, 0x0000000089f00000| Untracked 
|  82|0x000000008a000000, 0x000000008a000000, 0x000000008a100000|  0%| F|  |TAMS 0x000000008a000000, 0x000000008a000000| Untracked 
|  83|0x000000008a100000, 0x000000008a100000, 0x000000008a200000|  0%| F|  |TAMS 0x000000008a100000, 0x000000008a100000| Untracked 
|  84|0x000000008a200000, 0x000000008a200000, 0x000000008a300000|  0%| F|  |TAMS 0x000000008a200000, 0x000000008a200000| Untracked 
|  85|0x000000008a300000, 0x000000008a300000, 0x000000008a400000|  0%| F|  |TAMS 0x000000008a300000, 0x000000008a300000| Untracked 
|  86|0x000000008a400000, 0x000000008a400000, 0x000000008a500000|  0%| F|  |TAMS 0x000000008a400000, 0x000000008a400000| Untracked 
|  87|0x000000008a500000, 0x000000008a500000, 0x000000008a600000|  0%| F|  |TAMS 0x000000008a500000, 0x000000008a500000| Untracked 
|  88|0x000000008a600000, 0x000000008a600000, 0x000000008a700000|  0%| F|  |TAMS 0x000000008a600000, 0x000000008a600000| Untracked 
|  89|0x000000008a700000, 0x000000008a700000, 0x000000008a800000|  0%| F|  |TAMS 0x000000008a700000, 0x000000008a700000| Untracked 
|  90|0x000000008a800000, 0x000000008a800000, 0x000000008a900000|  0%| F|  |TAMS 0x000000008a800000, 0x000000008a800000| Untracked 
|  91|0x000000008a900000, 0x000000008a98b5f0, 0x000000008aa00000| 54%| S|CS|TAMS 0x000000008a900000, 0x000000008a900000| Complete 
|  92|0x000000008aa00000, 0x000000008ab00000, 0x000000008ab00000|100%| S|CS|TAMS 0x000000008aa00000, 0x000000008aa00000| Complete 
|  93|0x000000008ab00000, 0x000000008ac00000, 0x000000008ac00000|100%| S|CS|TAMS 0x000000008ab00000, 0x000000008ab00000| Complete 
|  94|0x000000008ac00000, 0x000000008ac00000, 0x000000008ad00000|  0%| F|  |TAMS 0x000000008ac00000, 0x000000008ac00000| Untracked 
|  95|0x000000008ad00000, 0x000000008ad00000, 0x000000008ae00000|  0%| F|  |TAMS 0x000000008ad00000, 0x000000008ad00000| Untracked 
|  96|0x000000008ae00000, 0x000000008ae00000, 0x000000008af00000|  0%| F|  |TAMS 0x000000008ae00000, 0x000000008ae00000| Untracked 
|  97|0x000000008af00000, 0x000000008af00000, 0x000000008b000000|  0%| F|  |TAMS 0x000000008af00000, 0x000000008af00000| Untracked 
|  98|0x000000008b000000, 0x000000008b000000, 0x000000008b100000|  0%| F|  |TAMS 0x000000008b000000, 0x000000008b000000| Untracked 
|  99|0x000000008b100000, 0x000000008b100000, 0x000000008b200000|  0%| F|  |TAMS 0x000000008b100000, 0x000000008b100000| Untracked 
| 100|0x000000008b200000, 0x000000008b200000, 0x000000008b300000|  0%| F|  |TAMS 0x000000008b200000, 0x000000008b200000| Untracked 
| 101|0x000000008b300000, 0x000000008b300000, 0x000000008b400000|  0%| F|  |TAMS 0x000000008b300000, 0x000000008b300000| Untracked 
| 102|0x000000008b400000, 0x000000008b400000, 0x000000008b500000|  0%| F|  |TAMS 0x000000008b400000, 0x000000008b400000| Untracked 
| 103|0x000000008b500000, 0x000000008b500000, 0x000000008b600000|  0%| F|  |TAMS 0x000000008b500000, 0x000000008b500000| Untracked 
| 104|0x000000008b600000, 0x000000008b600000, 0x000000008b700000|  0%| F|  |TAMS 0x000000008b600000, 0x000000008b600000| Untracked 
| 105|0x000000008b700000, 0x000000008b700000, 0x000000008b800000|  0%| F|  |TAMS 0x000000008b700000, 0x000000008b700000| Untracked 
| 106|0x000000008b800000, 0x000000008b800000, 0x000000008b900000|  0%| F|  |TAMS 0x000000008b800000, 0x000000008b800000| Untracked 
| 107|0x000000008b900000, 0x000000008b900000, 0x000000008ba00000|  0%| F|  |TAMS 0x000000008b900000, 0x000000008b900000| Untracked 
| 108|0x000000008ba00000, 0x000000008ba00000, 0x000000008bb00000|  0%| F|  |TAMS 0x000000008ba00000, 0x000000008ba00000| Untracked 
| 109|0x000000008bb00000, 0x000000008bb00000, 0x000000008bc00000|  0%| F|  |TAMS 0x000000008bb00000, 0x000000008bb00000| Untracked 
| 110|0x000000008bc00000, 0x000000008bc74348, 0x000000008bd00000| 45%| E|  |TAMS 0x000000008bc00000, 0x000000008bc00000| Complete 
| 111|0x000000008bd00000, 0x000000008be00000, 0x000000008be00000|100%| E|CS|TAMS 0x000000008bd00000, 0x000000008bd00000| Complete 
| 112|0x000000008be00000, 0x000000008bf00000, 0x000000008bf00000|100%| E|CS|TAMS 0x000000008be00000, 0x000000008be00000| Complete 
| 113|0x000000008bf00000, 0x000000008c000000, 0x000000008c000000|100%| E|CS|TAMS 0x000000008bf00000, 0x000000008bf00000| Complete 
| 114|0x000000008c000000, 0x000000008c100000, 0x000000008c100000|100%| E|CS|TAMS 0x000000008c000000, 0x000000008c000000| Complete 
| 115|0x000000008c100000, 0x000000008c200000, 0x000000008c200000|100%| E|CS|TAMS 0x000000008c100000, 0x000000008c100000| Complete 
| 116|0x000000008c200000, 0x000000008c300000, 0x000000008c300000|100%| E|CS|TAMS 0x000000008c200000, 0x000000008c200000| Complete 
| 117|0x000000008c300000, 0x000000008c400000, 0x000000008c400000|100%| E|CS|TAMS 0x000000008c300000, 0x000000008c300000| Complete 
| 118|0x000000008c400000, 0x000000008c500000, 0x000000008c500000|100%| E|CS|TAMS 0x000000008c400000, 0x000000008c400000| Complete 
| 119|0x000000008c500000, 0x000000008c600000, 0x000000008c600000|100%| E|CS|TAMS 0x000000008c500000, 0x000000008c500000| Complete 
| 120|0x000000008c600000, 0x000000008c700000, 0x000000008c700000|100%| E|CS|TAMS 0x000000008c600000, 0x000000008c600000| Complete 
| 121|0x000000008c700000, 0x000000008c800000, 0x000000008c800000|100%| E|CS|TAMS 0x000000008c700000, 0x000000008c700000| Complete 
| 122|0x000000008c800000, 0x000000008c900000, 0x000000008c900000|100%| E|CS|TAMS 0x000000008c800000, 0x000000008c800000| Complete 
| 123|0x000000008c900000, 0x000000008ca00000, 0x000000008ca00000|100%| E|CS|TAMS 0x000000008c900000, 0x000000008c900000| Complete 

Card table byte_map: [0x000001d9d7f60000,0x000001d9d8340000] _byte_map_base: 0x000001d9d7b39000

Marking Bits (Prev, Next): (CMBitMap*) 0x000001d9c104a7e0, (CMBitMap*) 0x000001d9c104a820
 Prev Bits: [0x000001d9d8720000, 0x000001d9da5e8000)
 Next Bits: [0x000001d9da5f0000, 0x000001d9dc4b8000)

Polling page: 0x000001d9befc0000

Metaspace:

Usage:
  Non-class:     12.95 MB used.
      Class:      1.92 MB used.
       Both:     14.88 MB used.

Virtual space:
  Non-class space:       16.00 MB reserved,      13.06 MB ( 82%) committed,  2 nodes.
      Class space:        1.00 GB reserved,       2.00 MB ( <1%) committed,  1 nodes.
             Both:        1.02 GB reserved,      15.06 MB (  1%) committed. 

Chunk freelists:
   Non-Class:  2.23 MB
       Class:  1.95 MB
        Both:  4.19 MB

MaxMetaspaceSize: unlimited
CompressedClassSpaceSize: 1.00 GB
Initial GC threshold: 21.00 MB
Current GC threshold: 21.00 MB
CDS: on
MetaspaceReclaimPolicy: balanced
 - commit_granule_bytes: 65536.
 - commit_granule_words: 8192.
 - virtual_space_node_default_size: 1048576.
 - enlarge_chunks_in_place: 1.
 - new_chunks_are_fully_committed: 0.
 - uncommit_free_chunks: 1.
 - use_allocation_guard: 0.
 - handle_deallocations: 1.


Internal statistics:

num_allocs_failed_limit: 0.
num_arena_births: 184.
num_arena_deaths: 0.
num_vsnodes_births: 3.
num_vsnodes_deaths: 0.
num_space_committed: 241.
num_space_uncommitted: 0.
num_chunks_returned_to_freelist: 0.
num_chunks_taken_from_freelist: 711.
num_chunk_merges: 0.
num_chunk_splits: 448.
num_chunks_enlarged: 330.
num_purges: 0.
num_inconsistent_stats: 0.

CodeHeap 'non-profiled nmethods': size=120000Kb used=784Kb max_used=784Kb free=119215Kb
 bounds [0x000001d9d0320000, 0x000001d9d0590000, 0x000001d9d7850000]
CodeHeap 'profiled nmethods': size=120000Kb used=4216Kb max_used=4216Kb free=115783Kb
 bounds [0x000001d9c8df0000, 0x000001d9c9210000, 0x000001d9d0320000]
CodeHeap 'non-nmethods': size=5760Kb used=1195Kb max_used=1214Kb free=4564Kb
 bounds [0x000001d9c8850000, 0x000001d9c8ac0000, 0x000001d9c8df0000]
 total_blobs=2604 nmethods=2128 adapters=388
 compilation: enabled
              stopped_count=0, restarted_count=0
 full_count=0

Compilation events (20 events):
Event: 5.105 Thread 0x000001d9deeac950 2130       3       java.nio.ByteBuffer::wrap (8 bytes)
Event: 5.105 Thread 0x000001d9deeac950 nmethod 2130 0x000001d9c9206f10 code [0x000001d9c92070a0, 0x000001d9c92071c8]
Event: 5.105 Thread 0x000001d9deeac950 2131   !   3       java.nio.ByteBuffer::wrap (21 bytes)
Event: 5.106 Thread 0x000001d9deeac950 nmethod 2131 0x000001d9c9207290 code [0x000001d9c9207440, 0x000001d9c92076d8]
Event: 5.106 Thread 0x000001d9deeac950 2132       3       java.nio.HeapByteBuffer::<init> (23 bytes)
Event: 5.106 Thread 0x000001d9deeac950 nmethod 2132 0x000001d9c9207810 code [0x000001d9c92079c0, 0x000001d9c9207b48]
Event: 5.106 Thread 0x000001d9deeac950 2133   !   3       java.lang.reflect.Proxy::newProxyInstance (75 bytes)
Event: 5.108 Thread 0x000001d9deeac950 nmethod 2133 0x000001d9c9207c10 code [0x000001d9c9207e80, 0x000001d9c9208a78]
Event: 5.108 Thread 0x000001d9deeac950 2136       3       java.lang.reflect.ProxyGenerator$ProxyMethod::codeFieldInitialization (165 bytes)
Event: 5.110 Thread 0x000001d9deeac950 nmethod 2136 0x000001d9c9208f10 code [0x000001d9c92091c0, 0x000001d9c9209ea8]
Event: 5.110 Thread 0x000001d9deeac950 2135       3       jdk.internal.org.objectweb.asm.SymbolTable::hash (7 bytes)
Event: 5.110 Thread 0x000001d9deeac950 nmethod 2135 0x000001d9c920a310 code [0x000001d9c920a4a0, 0x000001d9c920a598]
Event: 5.110 Thread 0x000001d9deeac950 2137       3       org.springframework.core.annotation.AnnotationTypeMappings::forAnnotationType (74 bytes)
Event: 5.113 Thread 0x000001d9deeac950 nmethod 2137 0x000001d9c920a610 code [0x000001d9c920a9e0, 0x000001d9c920ca08]
Event: 5.114 Thread 0x000001d9deeac950 2138       3       java.util.Collections$EmptyMap::values (4 bytes)
Event: 5.114 Thread 0x000001d9deeac950 nmethod 2138 0x000001d9c920d290 code [0x000001d9c920d420, 0x000001d9c920d598]
Event: 5.114 Thread 0x000001d9deeac950 2139       3       java.util.Collections$EmptySet::toArray (11 bytes)
Event: 5.114 Thread 0x000001d9deeac950 nmethod 2139 0x000001d9c920d690 code [0x000001d9c920d840, 0x000001d9c920db38]
Event: 5.114 Thread 0x000001d9deeac950 2140       3       java.lang.invoke.MemberName::equals (24 bytes)
Event: 5.115 Thread 0x000001d9deeac950 nmethod 2140 0x000001d9c920dc10 code [0x000001d9c920ddc0, 0x000001d9c920e188]

GC Heap History (4 events):
Event: 2.192 GC heap before
{Heap before GC invocations=0 (full 0):
 garbage-first heap   total 126976K, used 23552K [0x0000000084e00000, 0x0000000100000000)
  region size 1024K, 23 young (23552K), 0 survivors (0K)
 Metaspace       used 5081K, committed 5312K, reserved 1056768K
  class space    used 652K, committed 768K, reserved 1048576K
}
Event: 2.208 GC heap after
{Heap after GC invocations=1 (full 0):
 garbage-first heap   total 126976K, used 7392K [0x0000000084e00000, 0x0000000100000000)
  region size 1024K, 3 young (3072K), 3 survivors (3072K)
 Metaspace       used 5081K, committed 5312K, reserved 1056768K
  class space    used 652K, committed 768K, reserved 1048576K
}
Event: 4.566 GC heap before
{Heap before GC invocations=1 (full 0):
 garbage-first heap   total 126976K, used 35040K [0x0000000084e00000, 0x0000000100000000)
  region size 1024K, 30 young (30720K), 3 survivors (3072K)
 Metaspace       used 11761K, committed 11968K, reserved 1064960K
  class space    used 1533K, committed 1600K, reserved 1048576K
}
Event: 4.587 GC heap after
{Heap after GC invocations=2 (full 0):
 garbage-first heap   total 126976K, used 10005K [0x0000000084e00000, 0x0000000100000000)
  region size 1024K, 3 young (3072K), 3 survivors (3072K)
 Metaspace       used 11761K, committed 11968K, reserved 1064960K
  class space    used 1533K, committed 1600K, reserved 1048576K
}

Deoptimization events (20 events):
Event: 4.490 Thread 0x000001d9c100b7f0 Uncommon trap: trap_request=0xffffff45 fr.pc=0x000001d9d03af470 relative=0x00000000000002d0
Event: 4.490 Thread 0x000001d9c100b7f0 Uncommon trap: reason=unstable_if action=reinterpret pc=0x000001d9d03af470 method=java.lang.String.indexOf([BBILjava/lang/String;I)I @ 21 c2
Event: 4.490 Thread 0x000001d9c100b7f0 DEOPT PACKING pc=0x000001d9d03af470 sp=0x000000d5b59fba90
Event: 4.491 Thread 0x000001d9c100b7f0 DEOPT UNPACKING pc=0x000001d9c88a5c23 sp=0x000000d5b59fb9a0 mode 2
Event: 4.491 Thread 0x000001d9c100b7f0 Uncommon trap: trap_request=0xffffff45 fr.pc=0x000001d9d03afbbc relative=0x000000000000029c
Event: 4.491 Thread 0x000001d9c100b7f0 Uncommon trap: reason=unstable_if action=reinterpret pc=0x000001d9d03afbbc method=java.lang.String.indexOf([BBILjava/lang/String;I)I @ 21 c2
Event: 4.491 Thread 0x000001d9c100b7f0 DEOPT PACKING pc=0x000001d9d03afbbc sp=0x000000d5b59fba10
Event: 4.491 Thread 0x000001d9c100b7f0 DEOPT UNPACKING pc=0x000001d9c88a5c23 sp=0x000000d5b59fb9a0 mode 2
Event: 4.493 Thread 0x000001d9c100b7f0 Uncommon trap: trap_request=0xffffffc6 fr.pc=0x000001d9d03c3b78 relative=0x0000000000000f78
Event: 4.494 Thread 0x000001d9c100b7f0 Uncommon trap: reason=bimorphic_or_optimized_type_check action=maybe_recompile pc=0x000001d9d03c3b78 method=java.util.HashMap.putVal(ILjava/lang/Object;Ljava/lang/Object;ZZ)Ljava/lang/Object; @ 91 c2
Event: 4.494 Thread 0x000001d9c100b7f0 DEOPT PACKING pc=0x000001d9d03c3b78 sp=0x000000d5b59fbc70
Event: 4.494 Thread 0x000001d9c100b7f0 DEOPT UNPACKING pc=0x000001d9c88a5c23 sp=0x000000d5b59fbc00 mode 2
Event: 4.494 Thread 0x000001d9c100b7f0 Uncommon trap: trap_request=0xffffffc6 fr.pc=0x000001d9d03c3b78 relative=0x0000000000000f78
Event: 4.494 Thread 0x000001d9c100b7f0 Uncommon trap: reason=bimorphic_or_optimized_type_check action=maybe_recompile pc=0x000001d9d03c3b78 method=java.util.HashMap.putVal(ILjava/lang/Object;Ljava/lang/Object;ZZ)Ljava/lang/Object; @ 91 c2
Event: 4.494 Thread 0x000001d9c100b7f0 DEOPT PACKING pc=0x000001d9d03c3b78 sp=0x000000d5b59fbc70
Event: 4.494 Thread 0x000001d9c100b7f0 DEOPT UNPACKING pc=0x000001d9c88a5c23 sp=0x000000d5b59fbc00 mode 2
Event: 4.911 Thread 0x000001d9c100b7f0 Uncommon trap: trap_request=0xffffff45 fr.pc=0x000001d9d03b38d0 relative=0x0000000000001330
Event: 4.911 Thread 0x000001d9c100b7f0 Uncommon trap: reason=unstable_if action=reinterpret pc=0x000001d9d03b38d0 method=java.net.URL.<init>(Ljava/net/URL;Ljava/lang/String;Ljava/net/URLStreamHandler;)V @ 347 c2
Event: 4.911 Thread 0x000001d9c100b7f0 DEOPT PACKING pc=0x000001d9d03b38d0 sp=0x000000d5b59fc930
Event: 4.911 Thread 0x000001d9c100b7f0 DEOPT UNPACKING pc=0x000001d9c88a5c23 sp=0x000000d5b59fc8b0 mode 2

Classes unloaded (0 events):
No events

Classes redefined (0 events):
No events

Internal exceptions (20 events):
Event: 2.807 Thread 0x000001d9c100b7f0 Exception <a 'java/lang/NoSuchMethodError'{0x000000008c318b58}: 'int java.lang.invoke.DirectMethodHandle$Holder.invokeInterface(java.lang.Object, java.lang.Object)'> (0x000000008c318b58) 
thrown [t:\workspace\open\src\hotspot\share\interpreter\linkResolver.cpp, line 766]
Event: 3.709 Thread 0x000001d9c100b7f0 Exception <a 'java/lang/NoSuchMethodError'{0x000000008bceab48}: 'void java.lang.invoke.DirectMethodHandle$Holder.invokeVirtual(java.lang.Object, java.lang.Object, java.lang.Object, java.lang.Object)'> (0x000000008bceab48) 
thrown [t:\workspace\open\src\hotspot\share\interpreter\linkResolver.cpp, line 766]
Event: 4.050 Thread 0x000001d9c100b7f0 Exception <a 'java/lang/NoSuchMethodError'{0x000000008b653708}: 'java.lang.Object java.lang.invoke.DirectMethodHandle$Holder.newInvokeSpecial(java.lang.Object, java.lang.Object, java.lang.Object, java.lang.Object, java.lang.Object, java.lang.Object, java.lang.Object)'> (0x000000008b653708) 
thrown [t:\workspace\open\src\hotspot\share\interpreter\linkResolver.cpp, line 766]
Event: 4.050 Thread 0x000001d9c100b7f0 Exception <a 'java/lang/NoSuchMethodError'{0x000000008b6582c0}: 'java.lang.Object java.lang.invoke.Invokers$Holder.linkToTargetMethod(java.lang.Object, java.lang.Object, java.lang.Object, java.lang.Object, java.lang.Object, java.lang.Object, java.lang.Object)'> (0x000000008b6582c0) 
thrown [t:\workspace\open\src\hotspot\share\interpreter\linkResolver.cpp, line 766]
Event: 4.052 Thread 0x000001d9c100b7f0 Exception <a 'java/lang/NoSuchMethodError'{0x000000008b65e788}: 'java.lang.Object java.lang.invoke.DirectMethodHandle$Holder.invokeInterface(java.lang.Object, java.lang.Object, java.lang.Object, java.lang.Object, java.lang.Object)'> (0x000000008b65e788) 
thrown [t:\workspace\open\src\hotspot\share\interpreter\linkResolver.cpp, line 766]
Event: 4.052 Thread 0x000001d9c100b7f0 Exception <a 'java/lang/IncompatibleClassChangeError'{0x000000008b662580}: Found class java.lang.Object, but interface was expected> (0x000000008b662580) 
thrown [t:\workspace\open\src\hotspot\share\interpreter\linkResolver.cpp, line 833]
Event: 4.289 Thread 0x000001d9c100b7f0 Exception <a 'sun/nio/fs/WindowsException'{0x000000008af4e628}> (0x000000008af4e628) 
thrown [t:\workspace\open\src\hotspot\share\prims\jni.cpp, line 516]
Event: 4.306 Thread 0x000001d9c100b7f0 Exception <a 'java/lang/IncompatibleClassChangeError'{0x000000008af9b4a0}: Found class java.lang.Object, but interface was expected> (0x000000008af9b4a0) 
thrown [t:\workspace\open\src\hotspot\share\interpreter\linkResolver.cpp, line 833]
Event: 4.351 Thread 0x000001d9c100b7f0 Exception <a 'java/lang/NoSuchMethodError'{0x000000008ae620a0}: 'int java.lang.invoke.DirectMethodHandle$Holder.invokeSpecial(java.lang.Object, java.lang.Object, java.lang.Object, java.lang.Object)'> (0x000000008ae620a0) 
thrown [t:\workspace\open\src\hotspot\share\interpreter\linkResolver.cpp, line 766]
Event: 4.404 Thread 0x000001d9c100b7f0 Exception <a 'java/lang/NoSuchMethodError'{0x000000008ad0a1b0}: 'void java.lang.invoke.DirectMethodHandle$Holder.invokeStatic(java.lang.Object, java.lang.Object, java.lang.Object, java.lang.Object, java.lang.Object, java.lang.Object)'> (0x000000008ad0a1b0) 
thrown [t:\workspace\open\src\hotspot\share\interpreter\linkResolver.cpp, line 766]
Event: 4.427 Thread 0x000001d9c100b7f0 Exception <a 'java/lang/NoSuchMethodError'{0x000000008ad6ec08}: 'java.lang.Object java.lang.invoke.DirectMethodHandle$Holder.invokeSpecial(java.lang.Object, java.lang.Object, java.lang.Object, java.lang.Object, java.lang.Object, java.lang.Object, int)'> (0x000000008ad6ec08) 
thrown [t:\workspace\open\src\hotspot\share\interpreter\linkResolver.cpp, line 766]
Event: 4.429 Thread 0x000001d9c100b7f0 Exception <a 'java/lang/NoSuchMethodError'{0x000000008ad796b8}: 'java.lang.Object java.lang.invoke.DirectMethodHandle$Holder.newInvokeSpecial(java.lang.Object, java.lang.Object, java.lang.Object, java.lang.Object, java.lang.Object, java.lang.Object, int)'> (0x000000008ad796b8) 
thrown [t:\workspace\open\src\hotspot\share\interpreter\linkResolver.cpp, line 766]
Event: 4.430 Thread 0x000001d9c100b7f0 Exception <a 'java/lang/NoSuchMethodError'{0x000000008ad7ec48}: 'java.lang.Object java.lang.invoke.DirectMethodHandle$Holder.invokeSpecial(java.lang.Object, java.lang.Object, java.lang.Object, java.lang.Object, java.lang.Object, java.lang.Object, java.lang.Object, int)'> (0x000000008ad7ec48) 
thrown [t:\workspace\open\src\hotspot\share\interpreter\linkResolver.cpp, line 766]
Event: 4.623 Thread 0x000001d9c100b7f0 Exception <a 'java/lang/NoSuchMethodError'{0x000000008c97dbc0}: 'java.lang.Object java.lang.invoke.DirectMethodHandle$Holder.invokeSpecial(java.lang.Object, java.lang.Object, java.lang.Object, int, java.lang.Object)'> (0x000000008c97dbc0) 
thrown [t:\workspace\open\src\hotspot\share\interpreter\linkResolver.cpp, line 766]
Event: 4.624 Thread 0x000001d9c100b7f0 Exception <a 'java/lang/NoSuchMethodError'{0x000000008c9868e0}: 'java.lang.Object java.lang.invoke.DirectMethodHandle$Holder.newInvokeSpecial(java.lang.Object, java.lang.Object, java.lang.Object, int, java.lang.Object)'> (0x000000008c9868e0) 
thrown [t:\workspace\open\src\hotspot\share\interpreter\linkResolver.cpp, line 766]
Event: 4.625 Thread 0x000001d9c100b7f0 Exception <a 'java/lang/NoSuchMethodError'{0x000000008c98e800}: 'java.lang.Object java.lang.invoke.Invokers$Holder.linkToTargetMethod(java.lang.Object, java.lang.Object, int, java.lang.Object, java.lang.Object)'> (0x000000008c98e800) 
thrown [t:\workspace\open\src\hotspot\share\interpreter\linkResolver.cpp, line 766]
Event: 4.627 Thread 0x000001d9c100b7f0 Exception <a 'java/lang/NoSuchMethodError'{0x000000008c99e8c0}: 'java.lang.Object java.lang.invoke.DirectMethodHandle$Holder.newInvokeSpecial(java.lang.Object, int, java.lang.Object)'> (0x000000008c99e8c0) 
thrown [t:\workspace\open\src\hotspot\share\interpreter\linkResolver.cpp, line 766]
Event: 4.699 Thread 0x000001d9c100b7f0 Exception <a 'java/lang/NoSuchMethodError'{0x000000008c8d4ad0}: 'void java.lang.invoke.DirectMethodHandle$Holder.invokeStaticInit(java.lang.Object, java.lang.Object)'> (0x000000008c8d4ad0) 
thrown [t:\workspace\open\src\hotspot\share\interpreter\linkResolver.cpp, line 766]
Event: 4.908 Thread 0x000001d9e09f1850 Exception <a 'java/lang/NoClassDefFoundError'{0x000000008c517a30}: javax/validation/Validation> (0x000000008c517a30) 
thrown [t:\workspace\open\src\hotspot\share\classfile\systemDictionary.cpp, line 245]
Event: 4.966 Thread 0x000001d9e09f1850 Exception <a 'java/lang/NoSuchMethodError'{0x000000008c4c0f60}: 'java.lang.Object java.lang.invoke.DirectMethodHandle$Holder.invokeStaticInit(java.lang.Object, java.lang.Object, java.lang.Object, java.lang.Object, java.lang.Object)'> (0x000000008c4c0f60) 
thrown [t:\workspace\open\src\hotspot\share\interpreter\linkResolver.cpp, line 766]

VM Operations (20 events):
Event: 2.632 Executing VM operation: HandshakeAllThreads
Event: 2.632 Executing VM operation: HandshakeAllThreads done
Event: 2.818 Executing VM operation: HandshakeAllThreads
Event: 2.818 Executing VM operation: HandshakeAllThreads done
Event: 3.454 Executing VM operation: HandshakeAllThreads
Event: 3.454 Executing VM operation: HandshakeAllThreads done
Event: 3.454 Executing VM operation: Cleanup
Event: 3.455 Executing VM operation: Cleanup done
Event: 4.057 Executing VM operation: HandshakeAllThreads
Event: 4.057 Executing VM operation: HandshakeAllThreads done
Event: 4.558 Executing VM operation: HandshakeAllThreads
Event: 4.558 Executing VM operation: HandshakeAllThreads done
Event: 4.558 Executing VM operation: Cleanup
Event: 4.558 Executing VM operation: Cleanup done
Event: 4.566 Executing VM operation: G1CollectForAllocation
Event: 4.587 Executing VM operation: G1CollectForAllocation done
Event: 4.604 Executing VM operation: HandshakeAllThreads
Event: 4.604 Executing VM operation: HandshakeAllThreads done
Event: 4.654 Executing VM operation: HandshakeAllThreads
Event: 4.654 Executing VM operation: HandshakeAllThreads done

Events (20 events):
Event: 5.000 loading class com/sun/org/apache/xalan/internal/utils/FeaturePropertyBase done
Event: 5.000 loading class com/sun/org/apache/xalan/internal/utils/XMLSecurityPropertyManager done
Event: 5.000 loading class com/sun/org/apache/xalan/internal/utils/FeaturePropertyBase$State
Event: 5.000 loading class com/sun/org/apache/xalan/internal/utils/FeaturePropertyBase$State done
Event: 5.000 loading class com/sun/org/apache/xalan/internal/utils/XMLSecurityPropertyManager$Property
Event: 5.000 loading class com/sun/org/apache/xalan/internal/utils/XMLSecurityPropertyManager$Property done
Event: 5.000 loading class com/sun/org/apache/xalan/internal/utils/XMLSecurityManager
Event: 5.001 loading class com/sun/org/apache/xalan/internal/utils/XMLSecurityManager done
Event: 5.001 loading class com/sun/org/apache/xalan/internal/utils/XMLSecurityManager$Limit
Event: 5.001 loading class com/sun/org/apache/xalan/internal/utils/XMLSecurityManager$Limit done
Event: 5.001 loading class com/sun/org/apache/xalan/internal/utils/XMLSecurityManager$NameMap
Event: 5.001 loading class com/sun/org/apache/xalan/internal/utils/XMLSecurityManager$NameMap done
Event: 5.001 loading class jdk/xml/internal/JdkProperty
Event: 5.002 loading class jdk/xml/internal/JdkProperty done
Event: 5.087 loading class org/xml/sax/ErrorHandler
Event: 5.087 loading class org/xml/sax/ErrorHandler done
Event: 5.088 loading class org/xml/sax/SAXParseException
Event: 5.088 loading class org/xml/sax/SAXParseException done
Event: 5.096 loading class java/io/CharConversionException
Event: 5.096 loading class java/io/CharConversionException done


Dynamic libraries:
0x00007ff7c37c0000 - 0x00007ff7c37ce000 	C:\Users\Sonya\.jdks\openjdk-17.0.2\bin\java.exe
0x00007ffcf5400000 - 0x00007ffcf5609000 	C:\WINDOWS\SYSTEM32\ntdll.dll
0x00007ffcf33c0000 - 0x00007ffcf347d000 	C:\WINDOWS\System32\KERNEL32.DLL
0x00007ffcf2c90000 - 0x00007ffcf3004000 	C:\WINDOWS\System32\KERNELBASE.dll
0x00007ffcf2a40000 - 0x00007ffcf2b51000 	C:\WINDOWS\System32\ucrtbase.dll
0x00007ffcdb740000 - 0x00007ffcdb758000 	C:\Users\Sonya\.jdks\openjdk-17.0.2\bin\jli.dll
0x00007ffcf4890000 - 0x00007ffcf4a3c000 	C:\WINDOWS\System32\USER32.dll
0x00007ffcf2a10000 - 0x00007ffcf2a36000 	C:\WINDOWS\System32\win32u.dll
0x00007ffcf46d0000 - 0x00007ffcf46f9000 	C:\WINDOWS\System32\GDI32.dll
0x00007ffcf3180000 - 0x00007ffcf3292000 	C:\WINDOWS\System32\gdi32full.dll
0x00007ffcf28f0000 - 0x00007ffcf298d000 	C:\WINDOWS\System32\msvcp_win.dll
0x00007ffcd63a0000 - 0x00007ffcd6645000 	C:\WINDOWS\WinSxS\amd64_microsoft.windows.common-controls_6595b64144ccf1df_6.0.22000.120_none_9d947278b86cc467\COMCTL32.dll
0x00007ffcf5220000 - 0x00007ffcf52c3000 	C:\WINDOWS\System32\msvcrt.dll
0x00007ffcdb760000 - 0x00007ffcdb77a000 	C:\Users\Sonya\.jdks\openjdk-17.0.2\bin\VCRUNTIME140.dll
0x00007ffcf52d0000 - 0x00007ffcf5301000 	C:\WINDOWS\System32\IMM32.DLL
0x00007ffcebe30000 - 0x00007ffcebe3c000 	C:\Users\Sonya\.jdks\openjdk-17.0.2\bin\vcruntime140_1.dll
0x00007ffcd98a0000 - 0x00007ffcd992d000 	C:\Users\Sonya\.jdks\openjdk-17.0.2\bin\msvcp140.dll
0x00007ffcac7a0000 - 0x00007ffcad361000 	C:\Users\Sonya\.jdks\openjdk-17.0.2\bin\server\jvm.dll
0x00007ffcf3560000 - 0x00007ffcf360e000 	C:\WINDOWS\System32\ADVAPI32.dll
0x00007ffcf4a70000 - 0x00007ffcf4b0e000 	C:\WINDOWS\System32\sechost.dll
0x00007ffcf32a0000 - 0x00007ffcf33c0000 	C:\WINDOWS\System32\RPCRT4.dll
0x00007ffcf4a60000 - 0x00007ffcf4a68000 	C:\WINDOWS\System32\PSAPI.DLL
0x00007ffcd2b00000 - 0x00007ffcd2b09000 	C:\WINDOWS\SYSTEM32\WSOCK32.dll
0x00007ffcf3480000 - 0x00007ffcf34ef000 	C:\WINDOWS\System32\WS2_32.dll
0x00007ffceadb0000 - 0x00007ffceade3000 	C:\WINDOWS\SYSTEM32\WINMM.dll
0x00007ffceaba0000 - 0x00007ffceabaa000 	C:\WINDOWS\SYSTEM32\VERSION.dll
0x00007ffcf19b0000 - 0x00007ffcf19c8000 	C:\WINDOWS\SYSTEM32\kernel.appcore.dll
0x00007ffce1990000 - 0x00007ffce199a000 	C:\Users\Sonya\.jdks\openjdk-17.0.2\bin\jimage.dll
0x00007ffcefe60000 - 0x00007ffcf0081000 	C:\WINDOWS\SYSTEM32\DBGHELP.DLL
0x00007ffce2a00000 - 0x00007ffce2a31000 	C:\WINDOWS\SYSTEM32\dbgcore.DLL
0x00007ffcf2990000 - 0x00007ffcf2a0f000 	C:\WINDOWS\System32\bcryptPrimitives.dll
0x00007ffcdb730000 - 0x00007ffcdb73e000 	C:\Users\Sonya\.jdks\openjdk-17.0.2\bin\instrument.dll
0x00007ffcdb650000 - 0x00007ffcdb675000 	C:\Users\Sonya\.jdks\openjdk-17.0.2\bin\java.dll
0x00007ffcd8a90000 - 0x00007ffcd8b66000 	C:\Users\Sonya\.jdks\openjdk-17.0.2\bin\jsvml.dll
0x00007ffcf3930000 - 0x00007ffcf40df000 	C:\WINDOWS\System32\SHELL32.dll
0x00007ffcf0a20000 - 0x00007ffcf1288000 	C:\WINDOWS\SYSTEM32\windows.storage.dll
0x00007ffcf40e0000 - 0x00007ffcf4458000 	C:\WINDOWS\System32\combase.dll
0x00007ffcf0750000 - 0x00007ffcf08b6000 	C:\WINDOWS\SYSTEM32\wintypes.dll
0x00007ffcf5130000 - 0x00007ffcf521a000 	C:\WINDOWS\System32\SHCORE.dll
0x00007ffcf4820000 - 0x00007ffcf487d000 	C:\WINDOWS\System32\shlwapi.dll
0x00007ffcf2820000 - 0x00007ffcf2841000 	C:\WINDOWS\SYSTEM32\profapi.dll
0x00007ffcda530000 - 0x00007ffcda548000 	C:\Users\Sonya\.jdks\openjdk-17.0.2\bin\zip.dll
0x00007ffcdb630000 - 0x00007ffcdb649000 	C:\Users\Sonya\.jdks\openjdk-17.0.2\bin\net.dll
0x00007ffcecf80000 - 0x00007ffced08c000 	C:\WINDOWS\SYSTEM32\WINHTTP.dll
0x00007ffcf1dd0000 - 0x00007ffcf1e37000 	C:\WINDOWS\system32\mswsock.dll
0x00007ffcdb610000 - 0x00007ffcdb626000 	C:\Users\Sonya\.jdks\openjdk-17.0.2\bin\nio.dll
0x00007ffcda510000 - 0x00007ffcda52a000 	C:\Program Files\JetBrains\IntelliJ IDEA 2021.2\bin\breakgen64.dll
0x00007ffcdbfb0000 - 0x00007ffcdbfc0000 	C:\Users\Sonya\.jdks\openjdk-17.0.2\bin\verify.dll
0x00007ffcda500000 - 0x00007ffcda509000 	C:\Users\Sonya\.jdks\openjdk-17.0.2\bin\management.dll
0x00007ffcda4f0000 - 0x00007ffcda4fb000 	C:\Users\Sonya\.jdks\openjdk-17.0.2\bin\management_ext.dll
0x00007ffcd50e0000 - 0x00007ffcd50f7000 	C:\WINDOWS\system32\napinsp.dll
0x00007ffcd0a50000 - 0x00007ffcd0a6b000 	C:\WINDOWS\system32\pnrpnsp.dll
0x00007ffcf1510000 - 0x00007ffcf15f8000 	C:\WINDOWS\SYSTEM32\DNSAPI.dll
0x00007ffcf14e0000 - 0x00007ffcf150d000 	C:\WINDOWS\SYSTEM32\IPHLPAPI.DLL
0x00007ffcf4880000 - 0x00007ffcf4889000 	C:\WINDOWS\System32\NSI.dll
0x00007ffcd0a30000 - 0x00007ffcd0a42000 	C:\WINDOWS\System32\winrnr.dll
0x00007ffce90e0000 - 0x00007ffce90f5000 	C:\WINDOWS\system32\wshbth.dll
0x00007ffcd0a10000 - 0x00007ffcd0a2f000 	C:\WINDOWS\system32\nlansp_c.dll
0x00007ffce4f50000 - 0x00007ffce4f5a000 	C:\Windows\System32\rasadhlp.dll
0x00007ffce93c0000 - 0x00007ffce9441000 	C:\WINDOWS\System32\fwpuclnt.dll

dbghelp: loaded successfully - version: 4.0.5 - missing functions: none
symbol engine: initialized successfully - sym options: 0x614 - pdb path: .;C:\Users\Sonya\.jdks\openjdk-17.0.2\bin;C:\WINDOWS\SYSTEM32;C:\WINDOWS\WinSxS\amd64_microsoft.windows.common-controls_6595b64144ccf1df_6.0.22000.120_none_9d947278b86cc467;C:\Users\Sonya\.jdks\openjdk-17.0.2\bin\server;C:\Program Files\JetBrains\IntelliJ IDEA 2021.2\bin

VM Arguments:
jvm_args: -ea -Didea.test.cyclic.buffer.size=1048576 -javaagent:C:\Program Files\JetBrains\IntelliJ IDEA 2021.2\lib\idea_rt.jar=61769:C:\Program Files\JetBrains\IntelliJ IDEA 2021.2\bin -Dfile.encoding=UTF-8 
java_command: com.intellij.rt.junit.JUnitStarter -ideVersion5 -junit5 com.example.springboot_webshop.controllers.CustomerControllerTest,showAllCustomersTest
java_class_path (initial): C:\Users\Sonya\.m2\repository\org\junit\platform\junit-platform-launcher\1.8.2\junit-platform-launcher-1.8.2.jar;C:\Users\Sonya\.m2\repository\org\junit\vintage\junit-vintage-engine\5.8.2\junit-vintage-engine-5.8.2.jar;C:\Program Files\JetBrains\IntelliJ IDEA 2021.2\lib\idea_rt.jar;C:\Program Files\JetBrains\IntelliJ IDEA 2021.2\plugins\junit\lib\junit5-rt.jar;C:\Program Files\JetBrains\IntelliJ IDEA 2021.2\plugins\junit\lib\junit-rt.jar;C:\Users\Sonya\IdeaProjects\SpringBoot_Webshop\target\test-classes;C:\Users\Sonya\IdeaProjects\SpringBoot_Webshop\target\classes;C:\Users\Sonya\.m2\repository\org\springframework\boot\spring-boot-starter-web\2.6.6\spring-boot-starter-web-2.6.6.jar;C:\Users\Sonya\.m2\repository\org\springframework\boot\spring-boot-starter\2.6.6\spring-boot-starter-2.6.6.jar;C:\Users\Sonya\.m2\repository\org\springframework\boot\spring-boot-starter-logging\2.6.6\spring-boot-starter-logging-2.6.6.jar;C:\Users\Sonya\.m2\repository\ch\qos\logback\logback-classic\1.2.11\logback-classic-1.2.11.jar;C:\Users\Sonya\.m2\repository\ch\qos\logback\logback-core\1.2.11\logback-core-1.2.11.jar;C:\Users\Sonya\.m2\repository\org\apache\logging\log4j\log4j-to-slf4j\2.17.2\log4j-to-slf4j-2.17.2.jar;C:\Users\Sonya\.m2\repository\org\apache\logging\log4j\log4j-api\2.17.2\log4j-api-2.17.2.jar;C:\Users\Sonya\.m2\repository\org\slf4j\jul-to-slf4j\1.7.36\jul-to-slf4j-1.7.36.jar;C:\Users\Sonya\.m2\repository\jakarta\annotation\jakarta.annotation-api\1.3.5\jakarta.annotation-api-1.3.5.jar;C:\Users\Sonya\.m2\repository\org\yaml\snakeyaml\1.29\snakeyaml-1.29.jar;C:\Users\Sonya\.m2\repository\org\springframework\boot\spring-boot-starter-json\2.6.6\spring-boot-starter-json-2.6.6.jar;C:\Users\Sonya\.m2\repository\com\fasterxml\jackson\core\jackson-databind\2.13.2.2\jackson-databind-2.13.2.2.jar;C:\Users\Sonya\.m2\repository\com\fasterxml\jackson\core\jackson-annotations\2.13.2\jackson-annotations-2.13.2.jar;C:\Users\Sonya\.m2\repository\com\fasterxml\ja
Launcher Type: SUN_STANDARD

[Global flags]
     intx CICompilerCount                          = 4                                         {product} {ergonomic}
     uint ConcGCThreads                            = 2                                         {product} {ergonomic}
     uint G1ConcRefinementThreads                  = 8                                         {product} {ergonomic}
   size_t G1HeapRegionSize                         = 1048576                                   {product} {ergonomic}
    uintx GCDrainStackTargetSize                   = 64                                        {product} {ergonomic}
   size_t InitialHeapSize                          = 130023424                                 {product} {ergonomic}
   size_t MarkStackSize                            = 4194304                                   {product} {ergonomic}
   size_t MaxHeapSize                              = 2065694720                                {product} {ergonomic}
   size_t MaxNewSize                               = 1239416832                                {product} {ergonomic}
   size_t MinHeapDeltaBytes                        = 1048576                                   {product} {ergonomic}
   size_t MinHeapSize                              = 8388608                                   {product} {ergonomic}
    uintx NonNMethodCodeHeapSize                   = 5839372                                {pd product} {ergonomic}
    uintx NonProfiledCodeHeapSize                  = 122909434                              {pd product} {ergonomic}
    uintx ProfiledCodeHeapSize                     = 122909434                              {pd product} {ergonomic}
    uintx ReservedCodeCacheSize                    = 251658240                              {pd product} {ergonomic}
     bool SegmentedCodeCache                       = true                                      {product} {ergonomic}
   size_t SoftMaxHeapSize                          = 2065694720                             {manageable} {ergonomic}
     bool UseCompressedClassPointers               = true                           {product lp64_product} {ergonomic}
     bool UseCompressedOops                        = true                           {product lp64_product} {ergonomic}
     bool UseG1GC                                  = true                                      {product} {ergonomic}
     bool UseLargePagesIndividualAllocation        = false                                  {pd product} {ergonomic}

Logging:
Log output configuration:
 #0: stdout all=warning uptime,level,tags
 #1: stderr all=off uptime,level,tags

Environment Variables:
PATH=C:\Program Files\Common Files\Oracle\Java\javapath;C:\WINDOWS\system32;C:\WINDOWS;C:\WINDOWS\System32\Wbem;C:\WINDOWS\System32\WindowsPowerShell\v1.0\;C:\WINDOWS\System32\OpenSSH\;C:\Program Files\Git\cmd;C:\Program Files\MySQL\MySQL Shell 8.0\bin\;C:\Users\Sonya\AppData\Local\Microsoft\WindowsApps;;C:\Users\Sonya\AppData\Local\Programs\Microsoft VS Code\bin
USERNAME=Sonya
OS=Windows_NT
PROCESSOR_IDENTIFIER=Intel64 Family 6 Model 140 Stepping 1, GenuineIntel



---------------  S Y S T E M  ---------------

OS:
 Windows 11 , 64 bit Build 22000 (10.0.22000.613)
OS uptime: 2 days 16:46 hours
Hyper-V role detected

CPU: total 8 (initial active 8) (4 cores per cpu, 2 threads per core) family 6 model 140 stepping 1 microcode 0x9a, cx8, cmov, fxsr, ht, mmx, 3dnowpref, sse, sse2, sse3, ssse3, sse4.1, sse4.2, popcnt, lzcnt, tsc, tscinvbit, avx, avx2, aes, erms, clmul, bmi1, bmi2, adx, avx512f, avx512dq, avx512cd, avx512bw, avx512vl, sha, fma, vzeroupper, avx512_vpopcntdq, avx512_vpclmulqdq, avx512_vaes, avx512_vnni, clflush, clflushopt, clwb, avx512_vbmi2, avx512_vbmi, hv

Memory: 4k page, system-wide physical 7872M (191M free)
TotalPageFile size 32448M (AvailPageFile size 20M)
current process WorkingSet (physical memory assigned to process): 111M, peak: 111M
current process commit charge ("private bytes"): 240M, peak: 241M

vm_info: OpenJDK 64-Bit Server VM (17.0.2+8-86) for windows-amd64 JRE (17.0.2+8-86), built on Dec  7 2021 21:49:10 by "mach5one" with MS VC++ 16.8 / 16.9 (VS2019)

END.
